CRITICAL - 2024-05-09 11:44:45 --> CodeIgniter\HTTP\Exceptions\BadRequestException: The URI you submitted has disallowed characters: "C:UsersrahmaOneDriveÞsktopústworkramework-4.5.1publicssets஬kground.png"
[Method: GET, Route: C:UsersrahmaOneDrive%C3%9Esktop%C3%BAstwork%0Framework-4.5.1publicssets%E0%AE%ACkground.png]
in SYSTEMPATH\Router\Router.php on line 736.
 1 SYSTEMPATH\Router\Router.php(203): CodeIgniter\Router\Router->checkDisallowedChars('C:UsersrahmaOneDriveÞsktopústworkramework-4.5.1publicssets஬kground.png')
 2 SYSTEMPATH\CodeIgniter.php(834): CodeIgniter\Router\Router->handle('C:UsersrahmaOneDriveÞsktopústworkramework-4.5.1publicssets஬kground.png')
 3 SYSTEMPATH\CodeIgniter.php(457): CodeIgniter\CodeIgniter->tryToRouteIt(Object(CodeIgniter\Router\RouteCollection))
 4 SYSTEMPATH\CodeIgniter.php(355): CodeIgniter\CodeIgniter->handleRequest(null, Object(Config\Cache), false)
 5 SYSTEMPATH\Boot.php(312): CodeIgniter\CodeIgniter->run()
 6 SYSTEMPATH\Boot.php(67): CodeIgniter\Boot::runCodeIgniter(Object(CodeIgniter\CodeIgniter))
 7 FCPATH\index.php(56): CodeIgniter\Boot::bootWeb(Object(Config\Paths))
 8 SYSTEMPATH\Commands\Server\rewrite.php(49): require_once('C:\\Users\\rahma\\OneDrive\\Desktop\\Fastwork\\framework-4.5.1\\public\\index.php')
CRITICAL - 2024-05-09 16:12:47 --> ErrorException: include(./components/navbar.php): Failed to open stream: No such file or directory
[Method: GET, Route: /]
in APPPATH\Views\home.php on line 12.
 1 APPPATH\Views\home.php(12): CodeIgniter\Debug\Exceptions->errorHandler(2, 'include(./components/navbar.php): Failed to open stream: No such file or directory', 'C:\\Users\\rahma\\OneDrive\\Desktop\\Fastwork\\framework-4.5.1\\app\\Views\\home.php', 12)
 2 APPPATH\Views\home.php(12): include()
 3 SYSTEMPATH\View\View.php(234): include('C:\\Users\\rahma\\OneDrive\\Desktop\\Fastwork\\framework-4.5.1\\app\\Views\\home.php')
 4 SYSTEMPATH\View\View.php(237): CodeIgniter\View\View->CodeIgniter\View\{closure}()
 5 SYSTEMPATH\Common.php(1171): CodeIgniter\View\View->render('home', [], true)
 6 APPPATH\Controllers\Home.php(9): view('home')
 7 SYSTEMPATH\CodeIgniter.php(933): App\Controllers\Home->index()
 8 SYSTEMPATH\CodeIgniter.php(509): CodeIgniter\CodeIgniter->runController(Object(App\Controllers\Home))
 9 SYSTEMPATH\CodeIgniter.php(355): CodeIgniter\CodeIgniter->handleRequest(null, Object(Config\Cache), false)
10 SYSTEMPATH\Boot.php(312): CodeIgniter\CodeIgniter->run()
11 SYSTEMPATH\Boot.php(67): CodeIgniter\Boot::runCodeIgniter(Object(CodeIgniter\CodeIgniter))
12 FCPATH\index.php(56): CodeIgniter\Boot::bootWeb(Object(Config\Paths))
13 SYSTEMPATH\Commands\Server\rewrite.php(49): require_once('C:\\Users\\rahma\\OneDrive\\Desktop\\Fastwork\\framework-4.5.1\\public\\index.php')
CRITICAL - 2024-05-09 16:12:49 --> ErrorException: include(./components/navbar.php): Failed to open stream: No such file or directory
[Method: GET, Route: /]
in APPPATH\Views\home.php on line 12.
 1 APPPATH\Views\home.php(12): CodeIgniter\Debug\Exceptions->errorHandler(2, 'include(./components/navbar.php): Failed to open stream: No such file or directory', 'C:\\Users\\rahma\\OneDrive\\Desktop\\Fastwork\\framework-4.5.1\\app\\Views\\home.php', 12)
 2 APPPATH\Views\home.php(12): include()
 3 SYSTEMPATH\View\View.php(234): include('C:\\Users\\rahma\\OneDrive\\Desktop\\Fastwork\\framework-4.5.1\\app\\Views\\home.php')
 4 SYSTEMPATH\View\View.php(237): CodeIgniter\View\View->CodeIgniter\View\{closure}()
 5 SYSTEMPATH\Common.php(1171): CodeIgniter\View\View->render('home', [], true)
 6 APPPATH\Controllers\Home.php(9): view('home')
 7 SYSTEMPATH\CodeIgniter.php(933): App\Controllers\Home->index()
 8 SYSTEMPATH\CodeIgniter.php(509): CodeIgniter\CodeIgniter->runController(Object(App\Controllers\Home))
 9 SYSTEMPATH\CodeIgniter.php(355): CodeIgniter\CodeIgniter->handleRequest(null, Object(Config\Cache), false)
10 SYSTEMPATH\Boot.php(312): CodeIgniter\CodeIgniter->run()
11 SYSTEMPATH\Boot.php(67): CodeIgniter\Boot::runCodeIgniter(Object(CodeIgniter\CodeIgniter))
12 FCPATH\index.php(56): CodeIgniter\Boot::bootWeb(Object(Config\Paths))
13 SYSTEMPATH\Commands\Server\rewrite.php(49): require_once('C:\\Users\\rahma\\OneDrive\\Desktop\\Fastwork\\framework-4.5.1\\public\\index.php')
CRITICAL - 2024-05-09 16:12:50 --> ErrorException: include(./components/navbar.php): Failed to open stream: No such file or directory
[Method: GET, Route: /]
in APPPATH\Views\home.php on line 12.
 1 APPPATH\Views\home.php(12): CodeIgniter\Debug\Exceptions->errorHandler(2, 'include(./components/navbar.php): Failed to open stream: No such file or directory', 'C:\\Users\\rahma\\OneDrive\\Desktop\\Fastwork\\framework-4.5.1\\app\\Views\\home.php', 12)
 2 APPPATH\Views\home.php(12): include()
 3 SYSTEMPATH\View\View.php(234): include('C:\\Users\\rahma\\OneDrive\\Desktop\\Fastwork\\framework-4.5.1\\app\\Views\\home.php')
 4 SYSTEMPATH\View\View.php(237): CodeIgniter\View\View->CodeIgniter\View\{closure}()
 5 SYSTEMPATH\Common.php(1171): CodeIgniter\View\View->render('home', [], true)
 6 APPPATH\Controllers\Home.php(9): view('home')
 7 SYSTEMPATH\CodeIgniter.php(933): App\Controllers\Home->index()
 8 SYSTEMPATH\CodeIgniter.php(509): CodeIgniter\CodeIgniter->runController(Object(App\Controllers\Home))
 9 SYSTEMPATH\CodeIgniter.php(355): CodeIgniter\CodeIgniter->handleRequest(null, Object(Config\Cache), false)
10 SYSTEMPATH\Boot.php(312): CodeIgniter\CodeIgniter->run()
11 SYSTEMPATH\Boot.php(67): CodeIgniter\Boot::runCodeIgniter(Object(CodeIgniter\CodeIgniter))
12 FCPATH\index.php(56): CodeIgniter\Boot::bootWeb(Object(Config\Paths))
13 SYSTEMPATH\Commands\Server\rewrite.php(49): require_once('C:\\Users\\rahma\\OneDrive\\Desktop\\Fastwork\\framework-4.5.1\\public\\index.php')
CRITICAL - 2024-05-09 16:12:50 --> ErrorException: include(./components/navbar.php): Failed to open stream: No such file or directory
[Method: GET, Route: /]
in APPPATH\Views\home.php on line 12.
 1 APPPATH\Views\home.php(12): CodeIgniter\Debug\Exceptions->errorHandler(2, 'include(./components/navbar.php): Failed to open stream: No such file or directory', 'C:\\Users\\rahma\\OneDrive\\Desktop\\Fastwork\\framework-4.5.1\\app\\Views\\home.php', 12)
 2 APPPATH\Views\home.php(12): include()
 3 SYSTEMPATH\View\View.php(234): include('C:\\Users\\rahma\\OneDrive\\Desktop\\Fastwork\\framework-4.5.1\\app\\Views\\home.php')
 4 SYSTEMPATH\View\View.php(237): CodeIgniter\View\View->CodeIgniter\View\{closure}()
 5 SYSTEMPATH\Common.php(1171): CodeIgniter\View\View->render('home', [], true)
 6 APPPATH\Controllers\Home.php(9): view('home')
 7 SYSTEMPATH\CodeIgniter.php(933): App\Controllers\Home->index()
 8 SYSTEMPATH\CodeIgniter.php(509): CodeIgniter\CodeIgniter->runController(Object(App\Controllers\Home))
 9 SYSTEMPATH\CodeIgniter.php(355): CodeIgniter\CodeIgniter->handleRequest(null, Object(Config\Cache), false)
10 SYSTEMPATH\Boot.php(312): CodeIgniter\CodeIgniter->run()
11 SYSTEMPATH\Boot.php(67): CodeIgniter\Boot::runCodeIgniter(Object(CodeIgniter\CodeIgniter))
12 FCPATH\index.php(56): CodeIgniter\Boot::bootWeb(Object(Config\Paths))
13 SYSTEMPATH\Commands\Server\rewrite.php(49): require_once('C:\\Users\\rahma\\OneDrive\\Desktop\\Fastwork\\framework-4.5.1\\public\\index.php')
CRITICAL - 2024-05-09 16:12:51 --> ErrorException: include(./components/navbar.php): Failed to open stream: No such file or directory
[Method: GET, Route: /]
in APPPATH\Views\home.php on line 12.
 1 APPPATH\Views\home.php(12): CodeIgniter\Debug\Exceptions->errorHandler(2, 'include(./components/navbar.php): Failed to open stream: No such file or directory', 'C:\\Users\\rahma\\OneDrive\\Desktop\\Fastwork\\framework-4.5.1\\app\\Views\\home.php', 12)
 2 APPPATH\Views\home.php(12): include()
 3 SYSTEMPATH\View\View.php(234): include('C:\\Users\\rahma\\OneDrive\\Desktop\\Fastwork\\framework-4.5.1\\app\\Views\\home.php')
 4 SYSTEMPATH\View\View.php(237): CodeIgniter\View\View->CodeIgniter\View\{closure}()
 5 SYSTEMPATH\Common.php(1171): CodeIgniter\View\View->render('home', [], true)
 6 APPPATH\Controllers\Home.php(9): view('home')
 7 SYSTEMPATH\CodeIgniter.php(933): App\Controllers\Home->index()
 8 SYSTEMPATH\CodeIgniter.php(509): CodeIgniter\CodeIgniter->runController(Object(App\Controllers\Home))
 9 SYSTEMPATH\CodeIgniter.php(355): CodeIgniter\CodeIgniter->handleRequest(null, Object(Config\Cache), false)
10 SYSTEMPATH\Boot.php(312): CodeIgniter\CodeIgniter->run()
11 SYSTEMPATH\Boot.php(67): CodeIgniter\Boot::runCodeIgniter(Object(CodeIgniter\CodeIgniter))
12 FCPATH\index.php(56): CodeIgniter\Boot::bootWeb(Object(Config\Paths))
13 SYSTEMPATH\Commands\Server\rewrite.php(49): require_once('C:\\Users\\rahma\\OneDrive\\Desktop\\Fastwork\\framework-4.5.1\\public\\index.php')
CRITICAL - 2024-05-09 16:35:26 --> CodeIgniter\HTTP\Exceptions\BadRequestException: The URI you submitted has disallowed characters: "forget-password@2x.png"
[Method: GET, Route: public/forget-password@2x.png]
in SYSTEMPATH\Router\Router.php on line 736.
 1 SYSTEMPATH\Router\Router.php(203): CodeIgniter\Router\Router->checkDisallowedChars('public/forget-password@2x.png')
 2 SYSTEMPATH\CodeIgniter.php(834): CodeIgniter\Router\Router->handle('public/forget-password@2x.png')
 3 SYSTEMPATH\CodeIgniter.php(457): CodeIgniter\CodeIgniter->tryToRouteIt(Object(CodeIgniter\Router\RouteCollection))
 4 SYSTEMPATH\CodeIgniter.php(355): CodeIgniter\CodeIgniter->handleRequest(null, Object(Config\Cache), false)
 5 SYSTEMPATH\Boot.php(312): CodeIgniter\CodeIgniter->run()
 6 SYSTEMPATH\Boot.php(67): CodeIgniter\Boot::runCodeIgniter(Object(CodeIgniter\CodeIgniter))
 7 FCPATH\index.php(56): CodeIgniter\Boot::bootWeb(Object(Config\Paths))
 8 SYSTEMPATH\Commands\Server\rewrite.php(49): require_once('C:\\Users\\rahma\\OneDrive\\Desktop\\Fastwork\\framework-4.5.1\\public\\index.php')
CRITICAL - 2024-05-09 16:35:27 --> CodeIgniter\HTTP\Exceptions\BadRequestException: The URI you submitted has disallowed characters: "image-8@2x.png"
[Method: GET, Route: public/image-8@2x.png]
in SYSTEMPATH\Router\Router.php on line 736.
 1 SYSTEMPATH\Router\Router.php(203): CodeIgniter\Router\Router->checkDisallowedChars('public/image-8@2x.png')
 2 SYSTEMPATH\CodeIgniter.php(834): CodeIgniter\Router\Router->handle('public/image-8@2x.png')
 3 SYSTEMPATH\CodeIgniter.php(457): CodeIgniter\CodeIgniter->tryToRouteIt(Object(CodeIgniter\Router\RouteCollection))
 4 SYSTEMPATH\CodeIgniter.php(355): CodeIgniter\CodeIgniter->handleRequest(null, Object(Config\Cache), false)
 5 SYSTEMPATH\Boot.php(312): CodeIgniter\CodeIgniter->run()
 6 SYSTEMPATH\Boot.php(67): CodeIgniter\Boot::runCodeIgniter(Object(CodeIgniter\CodeIgniter))
 7 FCPATH\index.php(56): CodeIgniter\Boot::bootWeb(Object(Config\Paths))
 8 SYSTEMPATH\Commands\Server\rewrite.php(49): require_once('C:\\Users\\rahma\\OneDrive\\Desktop\\Fastwork\\framework-4.5.1\\public\\index.php')
CRITICAL - 2024-05-09 16:35:27 --> CodeIgniter\HTTP\Exceptions\BadRequestException: The URI you submitted has disallowed characters: "frame-1@2x.png"
[Method: GET, Route: public/frame-1@2x.png]
in SYSTEMPATH\Router\Router.php on line 736.
 1 SYSTEMPATH\Router\Router.php(203): CodeIgniter\Router\Router->checkDisallowedChars('public/frame-1@2x.png')
 2 SYSTEMPATH\CodeIgniter.php(834): CodeIgniter\Router\Router->handle('public/frame-1@2x.png')
 3 SYSTEMPATH\CodeIgniter.php(457): CodeIgniter\CodeIgniter->tryToRouteIt(Object(CodeIgniter\Router\RouteCollection))
 4 SYSTEMPATH\CodeIgniter.php(355): CodeIgniter\CodeIgniter->handleRequest(null, Object(Config\Cache), false)
 5 SYSTEMPATH\Boot.php(312): CodeIgniter\CodeIgniter->run()
 6 SYSTEMPATH\Boot.php(67): CodeIgniter\Boot::runCodeIgniter(Object(CodeIgniter\CodeIgniter))
 7 FCPATH\index.php(56): CodeIgniter\Boot::bootWeb(Object(Config\Paths))
 8 SYSTEMPATH\Commands\Server\rewrite.php(49): require_once('C:\\Users\\rahma\\OneDrive\\Desktop\\Fastwork\\framework-4.5.1\\public\\index.php')
CRITICAL - 2024-05-09 16:35:28 --> CodeIgniter\HTTP\Exceptions\BadRequestException: The URI you submitted has disallowed characters: "frame-3@2x.png"
[Method: GET, Route: public/frame-3@2x.png]
in SYSTEMPATH\Router\Router.php on line 736.
 1 SYSTEMPATH\Router\Router.php(203): CodeIgniter\Router\Router->checkDisallowedChars('public/frame-3@2x.png')
 2 SYSTEMPATH\CodeIgniter.php(834): CodeIgniter\Router\Router->handle('public/frame-3@2x.png')
 3 SYSTEMPATH\CodeIgniter.php(457): CodeIgniter\CodeIgniter->tryToRouteIt(Object(CodeIgniter\Router\RouteCollection))
 4 SYSTEMPATH\CodeIgniter.php(355): CodeIgniter\CodeIgniter->handleRequest(null, Object(Config\Cache), false)
 5 SYSTEMPATH\Boot.php(312): CodeIgniter\CodeIgniter->run()
 6 SYSTEMPATH\Boot.php(67): CodeIgniter\Boot::runCodeIgniter(Object(CodeIgniter\CodeIgniter))
 7 FCPATH\index.php(56): CodeIgniter\Boot::bootWeb(Object(Config\Paths))
 8 SYSTEMPATH\Commands\Server\rewrite.php(49): require_once('C:\\Users\\rahma\\OneDrive\\Desktop\\Fastwork\\framework-4.5.1\\public\\index.php')
CRITICAL - 2024-05-09 17:14:23 --> ErrorException: Undefined variable $request
[Method: GET, Route: about]
in APPPATH\Views\partials\navbar.php on line 15.
 1 APPPATH\Views\partials\navbar.php(15): CodeIgniter\Debug\Exceptions->errorHandler(2, 'Undefined variable $request', 'C:\\Users\\rahma\\OneDrive\\Desktop\\Fastwork\\framework-4.5.1\\app\\Views\\partials\\navbar.php', 15)
 2 APPPATH\Views\about.php(12): include('C:\\Users\\rahma\\OneDrive\\Desktop\\Fastwork\\framework-4.5.1\\app\\Views\\partials\\navbar.php')
 3 SYSTEMPATH\View\View.php(234): include('C:\\Users\\rahma\\OneDrive\\Desktop\\Fastwork\\framework-4.5.1\\app\\Views\\about.php')
 4 SYSTEMPATH\View\View.php(237): CodeIgniter\View\View->CodeIgniter\View\{closure}()
 5 SYSTEMPATH\Common.php(1171): CodeIgniter\View\View->render('about', [], true)
 6 APPPATH\Controllers\About.php(9): view('about')
 7 SYSTEMPATH\CodeIgniter.php(933): App\Controllers\About->index()
 8 SYSTEMPATH\CodeIgniter.php(509): CodeIgniter\CodeIgniter->runController(Object(App\Controllers\About))
 9 SYSTEMPATH\CodeIgniter.php(355): CodeIgniter\CodeIgniter->handleRequest(null, Object(Config\Cache), false)
10 SYSTEMPATH\Boot.php(312): CodeIgniter\CodeIgniter->run()
11 SYSTEMPATH\Boot.php(67): CodeIgniter\Boot::runCodeIgniter(Object(CodeIgniter\CodeIgniter))
12 FCPATH\index.php(56): CodeIgniter\Boot::bootWeb(Object(Config\Paths))
13 SYSTEMPATH\Commands\Server\rewrite.php(49): require_once('C:\\Users\\rahma\\OneDrive\\Desktop\\Fastwork\\framework-4.5.1\\public\\index.php')
CRITICAL - 2024-05-09 17:14:25 --> ErrorException: Undefined variable $request
[Method: GET, Route: about]
in APPPATH\Views\partials\navbar.php on line 15.
 1 APPPATH\Views\partials\navbar.php(15): CodeIgniter\Debug\Exceptions->errorHandler(2, 'Undefined variable $request', 'C:\\Users\\rahma\\OneDrive\\Desktop\\Fastwork\\framework-4.5.1\\app\\Views\\partials\\navbar.php', 15)
 2 APPPATH\Views\about.php(12): include('C:\\Users\\rahma\\OneDrive\\Desktop\\Fastwork\\framework-4.5.1\\app\\Views\\partials\\navbar.php')
 3 SYSTEMPATH\View\View.php(234): include('C:\\Users\\rahma\\OneDrive\\Desktop\\Fastwork\\framework-4.5.1\\app\\Views\\about.php')
 4 SYSTEMPATH\View\View.php(237): CodeIgniter\View\View->CodeIgniter\View\{closure}()
 5 SYSTEMPATH\Common.php(1171): CodeIgniter\View\View->render('about', [], true)
 6 APPPATH\Controllers\About.php(9): view('about')
 7 SYSTEMPATH\CodeIgniter.php(933): App\Controllers\About->index()
 8 SYSTEMPATH\CodeIgniter.php(509): CodeIgniter\CodeIgniter->runController(Object(App\Controllers\About))
 9 SYSTEMPATH\CodeIgniter.php(355): CodeIgniter\CodeIgniter->handleRequest(null, Object(Config\Cache), false)
10 SYSTEMPATH\Boot.php(312): CodeIgniter\CodeIgniter->run()
11 SYSTEMPATH\Boot.php(67): CodeIgniter\Boot::runCodeIgniter(Object(CodeIgniter\CodeIgniter))
12 FCPATH\index.php(56): CodeIgniter\Boot::bootWeb(Object(Config\Paths))
13 SYSTEMPATH\Commands\Server\rewrite.php(49): require_once('C:\\Users\\rahma\\OneDrive\\Desktop\\Fastwork\\framework-4.5.1\\public\\index.php')
CRITICAL - 2024-05-09 17:14:25 --> ErrorException: Undefined variable $request
[Method: GET, Route: about]
in APPPATH\Views\partials\navbar.php on line 15.
 1 APPPATH\Views\partials\navbar.php(15): CodeIgniter\Debug\Exceptions->errorHandler(2, 'Undefined variable $request', 'C:\\Users\\rahma\\OneDrive\\Desktop\\Fastwork\\framework-4.5.1\\app\\Views\\partials\\navbar.php', 15)
 2 APPPATH\Views\about.php(12): include('C:\\Users\\rahma\\OneDrive\\Desktop\\Fastwork\\framework-4.5.1\\app\\Views\\partials\\navbar.php')
 3 SYSTEMPATH\View\View.php(234): include('C:\\Users\\rahma\\OneDrive\\Desktop\\Fastwork\\framework-4.5.1\\app\\Views\\about.php')
 4 SYSTEMPATH\View\View.php(237): CodeIgniter\View\View->CodeIgniter\View\{closure}()
 5 SYSTEMPATH\Common.php(1171): CodeIgniter\View\View->render('about', [], true)
 6 APPPATH\Controllers\About.php(9): view('about')
 7 SYSTEMPATH\CodeIgniter.php(933): App\Controllers\About->index()
 8 SYSTEMPATH\CodeIgniter.php(509): CodeIgniter\CodeIgniter->runController(Object(App\Controllers\About))
 9 SYSTEMPATH\CodeIgniter.php(355): CodeIgniter\CodeIgniter->handleRequest(null, Object(Config\Cache), false)
10 SYSTEMPATH\Boot.php(312): CodeIgniter\CodeIgniter->run()
11 SYSTEMPATH\Boot.php(67): CodeIgniter\Boot::runCodeIgniter(Object(CodeIgniter\CodeIgniter))
12 FCPATH\index.php(56): CodeIgniter\Boot::bootWeb(Object(Config\Paths))
13 SYSTEMPATH\Commands\Server\rewrite.php(49): require_once('C:\\Users\\rahma\\OneDrive\\Desktop\\Fastwork\\framework-4.5.1\\public\\index.php')
CRITICAL - 2024-05-09 17:14:53 --> ErrorException: Undefined variable $request
[Method: GET, Route: /]
in APPPATH\Views\partials\navbar.php on line 15.
 1 APPPATH\Views\partials\navbar.php(15): CodeIgniter\Debug\Exceptions->errorHandler(2, 'Undefined variable $request', 'C:\\Users\\rahma\\OneDrive\\Desktop\\Fastwork\\framework-4.5.1\\app\\Views\\partials\\navbar.php', 15)
 2 APPPATH\Views\home.php(12): include('C:\\Users\\rahma\\OneDrive\\Desktop\\Fastwork\\framework-4.5.1\\app\\Views\\partials\\navbar.php')
 3 SYSTEMPATH\View\View.php(234): include('C:\\Users\\rahma\\OneDrive\\Desktop\\Fastwork\\framework-4.5.1\\app\\Views\\home.php')
 4 SYSTEMPATH\View\View.php(237): CodeIgniter\View\View->CodeIgniter\View\{closure}()
 5 SYSTEMPATH\Common.php(1171): CodeIgniter\View\View->render('home', [], true)
 6 APPPATH\Controllers\Home.php(9): view('home')
 7 SYSTEMPATH\CodeIgniter.php(933): App\Controllers\Home->index()
 8 SYSTEMPATH\CodeIgniter.php(509): CodeIgniter\CodeIgniter->runController(Object(App\Controllers\Home))
 9 SYSTEMPATH\CodeIgniter.php(355): CodeIgniter\CodeIgniter->handleRequest(null, Object(Config\Cache), false)
10 SYSTEMPATH\Boot.php(312): CodeIgniter\CodeIgniter->run()
11 SYSTEMPATH\Boot.php(67): CodeIgniter\Boot::runCodeIgniter(Object(CodeIgniter\CodeIgniter))
12 FCPATH\index.php(56): CodeIgniter\Boot::bootWeb(Object(Config\Paths))
13 SYSTEMPATH\Commands\Server\rewrite.php(49): require_once('C:\\Users\\rahma\\OneDrive\\Desktop\\Fastwork\\framework-4.5.1\\public\\index.php')
CRITICAL - 2024-05-09 17:14:57 --> ErrorException: Undefined variable $request
[Method: GET, Route: /]
in APPPATH\Views\partials\navbar.php on line 15.
 1 APPPATH\Views\partials\navbar.php(15): CodeIgniter\Debug\Exceptions->errorHandler(2, 'Undefined variable $request', 'C:\\Users\\rahma\\OneDrive\\Desktop\\Fastwork\\framework-4.5.1\\app\\Views\\partials\\navbar.php', 15)
 2 APPPATH\Views\home.php(12): include('C:\\Users\\rahma\\OneDrive\\Desktop\\Fastwork\\framework-4.5.1\\app\\Views\\partials\\navbar.php')
 3 SYSTEMPATH\View\View.php(234): include('C:\\Users\\rahma\\OneDrive\\Desktop\\Fastwork\\framework-4.5.1\\app\\Views\\home.php')
 4 SYSTEMPATH\View\View.php(237): CodeIgniter\View\View->CodeIgniter\View\{closure}()
 5 SYSTEMPATH\Common.php(1171): CodeIgniter\View\View->render('home', [], true)
 6 APPPATH\Controllers\Home.php(9): view('home')
 7 SYSTEMPATH\CodeIgniter.php(933): App\Controllers\Home->index()
 8 SYSTEMPATH\CodeIgniter.php(509): CodeIgniter\CodeIgniter->runController(Object(App\Controllers\Home))
 9 SYSTEMPATH\CodeIgniter.php(355): CodeIgniter\CodeIgniter->handleRequest(null, Object(Config\Cache), false)
10 SYSTEMPATH\Boot.php(312): CodeIgniter\CodeIgniter->run()
11 SYSTEMPATH\Boot.php(67): CodeIgniter\Boot::runCodeIgniter(Object(CodeIgniter\CodeIgniter))
12 FCPATH\index.php(56): CodeIgniter\Boot::bootWeb(Object(Config\Paths))
13 SYSTEMPATH\Commands\Server\rewrite.php(49): require_once('C:\\Users\\rahma\\OneDrive\\Desktop\\Fastwork\\framework-4.5.1\\public\\index.php')
CRITICAL - 2024-05-09 17:16:44 --> ErrorException: Undefined variable $request
[Method: GET, Route: /]
in APPPATH\Views\partials\navbar.php on line 15.
 1 APPPATH\Views\partials\navbar.php(15): CodeIgniter\Debug\Exceptions->errorHandler(2, 'Undefined variable $request', 'C:\\Users\\rahma\\OneDrive\\Desktop\\Fastwork\\framework-4.5.1\\app\\Views\\partials\\navbar.php', 15)
 2 APPPATH\Views\home.php(12): include('C:\\Users\\rahma\\OneDrive\\Desktop\\Fastwork\\framework-4.5.1\\app\\Views\\partials\\navbar.php')
 3 SYSTEMPATH\View\View.php(234): include('C:\\Users\\rahma\\OneDrive\\Desktop\\Fastwork\\framework-4.5.1\\app\\Views\\home.php')
 4 SYSTEMPATH\View\View.php(237): CodeIgniter\View\View->CodeIgniter\View\{closure}()
 5 SYSTEMPATH\Common.php(1171): CodeIgniter\View\View->render('home', [], true)
 6 APPPATH\Controllers\Home.php(9): view('home')
 7 SYSTEMPATH\CodeIgniter.php(933): App\Controllers\Home->index()
 8 SYSTEMPATH\CodeIgniter.php(509): CodeIgniter\CodeIgniter->runController(Object(App\Controllers\Home))
 9 SYSTEMPATH\CodeIgniter.php(355): CodeIgniter\CodeIgniter->handleRequest(null, Object(Config\Cache), false)
10 SYSTEMPATH\Boot.php(312): CodeIgniter\CodeIgniter->run()
11 SYSTEMPATH\Boot.php(67): CodeIgniter\Boot::runCodeIgniter(Object(CodeIgniter\CodeIgniter))
12 FCPATH\index.php(56): CodeIgniter\Boot::bootWeb(Object(Config\Paths))
13 SYSTEMPATH\Commands\Server\rewrite.php(49): require_once('C:\\Users\\rahma\\OneDrive\\Desktop\\Fastwork\\framework-4.5.1\\public\\index.php')
CRITICAL - 2024-05-09 17:16:47 --> ErrorException: Undefined variable $request
[Method: GET, Route: /]
in APPPATH\Views\partials\navbar.php on line 15.
 1 APPPATH\Views\partials\navbar.php(15): CodeIgniter\Debug\Exceptions->errorHandler(2, 'Undefined variable $request', 'C:\\Users\\rahma\\OneDrive\\Desktop\\Fastwork\\framework-4.5.1\\app\\Views\\partials\\navbar.php', 15)
 2 APPPATH\Views\home.php(12): include('C:\\Users\\rahma\\OneDrive\\Desktop\\Fastwork\\framework-4.5.1\\app\\Views\\partials\\navbar.php')
 3 SYSTEMPATH\View\View.php(234): include('C:\\Users\\rahma\\OneDrive\\Desktop\\Fastwork\\framework-4.5.1\\app\\Views\\home.php')
 4 SYSTEMPATH\View\View.php(237): CodeIgniter\View\View->CodeIgniter\View\{closure}()
 5 SYSTEMPATH\Common.php(1171): CodeIgniter\View\View->render('home', [], true)
 6 APPPATH\Controllers\Home.php(9): view('home')
 7 SYSTEMPATH\CodeIgniter.php(933): App\Controllers\Home->index()
 8 SYSTEMPATH\CodeIgniter.php(509): CodeIgniter\CodeIgniter->runController(Object(App\Controllers\Home))
 9 SYSTEMPATH\CodeIgniter.php(355): CodeIgniter\CodeIgniter->handleRequest(null, Object(Config\Cache), false)
10 SYSTEMPATH\Boot.php(312): CodeIgniter\CodeIgniter->run()
11 SYSTEMPATH\Boot.php(67): CodeIgniter\Boot::runCodeIgniter(Object(CodeIgniter\CodeIgniter))
12 FCPATH\index.php(56): CodeIgniter\Boot::bootWeb(Object(Config\Paths))
13 SYSTEMPATH\Commands\Server\rewrite.php(49): require_once('C:\\Users\\rahma\\OneDrive\\Desktop\\Fastwork\\framework-4.5.1\\public\\index.php')
CRITICAL - 2024-05-09 17:16:48 --> ErrorException: Undefined variable $request
[Method: GET, Route: /]
in APPPATH\Views\partials\navbar.php on line 15.
 1 APPPATH\Views\partials\navbar.php(15): CodeIgniter\Debug\Exceptions->errorHandler(2, 'Undefined variable $request', 'C:\\Users\\rahma\\OneDrive\\Desktop\\Fastwork\\framework-4.5.1\\app\\Views\\partials\\navbar.php', 15)
 2 APPPATH\Views\home.php(12): include('C:\\Users\\rahma\\OneDrive\\Desktop\\Fastwork\\framework-4.5.1\\app\\Views\\partials\\navbar.php')
 3 SYSTEMPATH\View\View.php(234): include('C:\\Users\\rahma\\OneDrive\\Desktop\\Fastwork\\framework-4.5.1\\app\\Views\\home.php')
 4 SYSTEMPATH\View\View.php(237): CodeIgniter\View\View->CodeIgniter\View\{closure}()
 5 SYSTEMPATH\Common.php(1171): CodeIgniter\View\View->render('home', [], true)
 6 APPPATH\Controllers\Home.php(9): view('home')
 7 SYSTEMPATH\CodeIgniter.php(933): App\Controllers\Home->index()
 8 SYSTEMPATH\CodeIgniter.php(509): CodeIgniter\CodeIgniter->runController(Object(App\Controllers\Home))
 9 SYSTEMPATH\CodeIgniter.php(355): CodeIgniter\CodeIgniter->handleRequest(null, Object(Config\Cache), false)
10 SYSTEMPATH\Boot.php(312): CodeIgniter\CodeIgniter->run()
11 SYSTEMPATH\Boot.php(67): CodeIgniter\Boot::runCodeIgniter(Object(CodeIgniter\CodeIgniter))
12 FCPATH\index.php(56): CodeIgniter\Boot::bootWeb(Object(Config\Paths))
13 SYSTEMPATH\Commands\Server\rewrite.php(49): require_once('C:\\Users\\rahma\\OneDrive\\Desktop\\Fastwork\\framework-4.5.1\\public\\index.php')
CRITICAL - 2024-05-09 17:17:00 --> ErrorException: Undefined variable $request
[Method: GET, Route: /]
in APPPATH\Views\partials\navbar.php on line 15.
 1 APPPATH\Views\partials\navbar.php(15): CodeIgniter\Debug\Exceptions->errorHandler(2, 'Undefined variable $request', 'C:\\Users\\rahma\\OneDrive\\Desktop\\Fastwork\\framework-4.5.1\\app\\Views\\partials\\navbar.php', 15)
 2 APPPATH\Views\home.php(12): include('C:\\Users\\rahma\\OneDrive\\Desktop\\Fastwork\\framework-4.5.1\\app\\Views\\partials\\navbar.php')
 3 SYSTEMPATH\View\View.php(234): include('C:\\Users\\rahma\\OneDrive\\Desktop\\Fastwork\\framework-4.5.1\\app\\Views\\home.php')
 4 SYSTEMPATH\View\View.php(237): CodeIgniter\View\View->CodeIgniter\View\{closure}()
 5 SYSTEMPATH\Common.php(1171): CodeIgniter\View\View->render('home', [], true)
 6 APPPATH\Controllers\Home.php(9): view('home')
 7 SYSTEMPATH\CodeIgniter.php(933): App\Controllers\Home->index()
 8 SYSTEMPATH\CodeIgniter.php(509): CodeIgniter\CodeIgniter->runController(Object(App\Controllers\Home))
 9 SYSTEMPATH\CodeIgniter.php(355): CodeIgniter\CodeIgniter->handleRequest(null, Object(Config\Cache), false)
10 SYSTEMPATH\Boot.php(312): CodeIgniter\CodeIgniter->run()
11 SYSTEMPATH\Boot.php(67): CodeIgniter\Boot::runCodeIgniter(Object(CodeIgniter\CodeIgniter))
12 FCPATH\index.php(56): CodeIgniter\Boot::bootWeb(Object(Config\Paths))
13 SYSTEMPATH\Commands\Server\rewrite.php(49): require_once('C:\\Users\\rahma\\OneDrive\\Desktop\\Fastwork\\framework-4.5.1\\public\\index.php')
CRITICAL - 2024-05-09 17:17:00 --> ErrorException: Undefined variable $request
[Method: GET, Route: /]
in APPPATH\Views\partials\navbar.php on line 15.
 1 APPPATH\Views\partials\navbar.php(15): CodeIgniter\Debug\Exceptions->errorHandler(2, 'Undefined variable $request', 'C:\\Users\\rahma\\OneDrive\\Desktop\\Fastwork\\framework-4.5.1\\app\\Views\\partials\\navbar.php', 15)
 2 APPPATH\Views\home.php(12): include('C:\\Users\\rahma\\OneDrive\\Desktop\\Fastwork\\framework-4.5.1\\app\\Views\\partials\\navbar.php')
 3 SYSTEMPATH\View\View.php(234): include('C:\\Users\\rahma\\OneDrive\\Desktop\\Fastwork\\framework-4.5.1\\app\\Views\\home.php')
 4 SYSTEMPATH\View\View.php(237): CodeIgniter\View\View->CodeIgniter\View\{closure}()
 5 SYSTEMPATH\Common.php(1171): CodeIgniter\View\View->render('home', [], true)
 6 APPPATH\Controllers\Home.php(9): view('home')
 7 SYSTEMPATH\CodeIgniter.php(933): App\Controllers\Home->index()
 8 SYSTEMPATH\CodeIgniter.php(509): CodeIgniter\CodeIgniter->runController(Object(App\Controllers\Home))
 9 SYSTEMPATH\CodeIgniter.php(355): CodeIgniter\CodeIgniter->handleRequest(null, Object(Config\Cache), false)
10 SYSTEMPATH\Boot.php(312): CodeIgniter\CodeIgniter->run()
11 SYSTEMPATH\Boot.php(67): CodeIgniter\Boot::runCodeIgniter(Object(CodeIgniter\CodeIgniter))
12 FCPATH\index.php(56): CodeIgniter\Boot::bootWeb(Object(Config\Paths))
13 SYSTEMPATH\Commands\Server\rewrite.php(49): require_once('C:\\Users\\rahma\\OneDrive\\Desktop\\Fastwork\\framework-4.5.1\\public\\index.php')
CRITICAL - 2024-05-09 17:17:00 --> ErrorException: Undefined variable $request
[Method: GET, Route: /]
in APPPATH\Views\partials\navbar.php on line 15.
 1 APPPATH\Views\partials\navbar.php(15): CodeIgniter\Debug\Exceptions->errorHandler(2, 'Undefined variable $request', 'C:\\Users\\rahma\\OneDrive\\Desktop\\Fastwork\\framework-4.5.1\\app\\Views\\partials\\navbar.php', 15)
 2 APPPATH\Views\home.php(12): include('C:\\Users\\rahma\\OneDrive\\Desktop\\Fastwork\\framework-4.5.1\\app\\Views\\partials\\navbar.php')
 3 SYSTEMPATH\View\View.php(234): include('C:\\Users\\rahma\\OneDrive\\Desktop\\Fastwork\\framework-4.5.1\\app\\Views\\home.php')
 4 SYSTEMPATH\View\View.php(237): CodeIgniter\View\View->CodeIgniter\View\{closure}()
 5 SYSTEMPATH\Common.php(1171): CodeIgniter\View\View->render('home', [], true)
 6 APPPATH\Controllers\Home.php(9): view('home')
 7 SYSTEMPATH\CodeIgniter.php(933): App\Controllers\Home->index()
 8 SYSTEMPATH\CodeIgniter.php(509): CodeIgniter\CodeIgniter->runController(Object(App\Controllers\Home))
 9 SYSTEMPATH\CodeIgniter.php(355): CodeIgniter\CodeIgniter->handleRequest(null, Object(Config\Cache), false)
10 SYSTEMPATH\Boot.php(312): CodeIgniter\CodeIgniter->run()
11 SYSTEMPATH\Boot.php(67): CodeIgniter\Boot::runCodeIgniter(Object(CodeIgniter\CodeIgniter))
12 FCPATH\index.php(56): CodeIgniter\Boot::bootWeb(Object(Config\Paths))
13 SYSTEMPATH\Commands\Server\rewrite.php(49): require_once('C:\\Users\\rahma\\OneDrive\\Desktop\\Fastwork\\framework-4.5.1\\public\\index.php')
CRITICAL - 2024-05-09 17:17:01 --> ErrorException: Undefined variable $request
[Method: GET, Route: /]
in APPPATH\Views\partials\navbar.php on line 15.
 1 APPPATH\Views\partials\navbar.php(15): CodeIgniter\Debug\Exceptions->errorHandler(2, 'Undefined variable $request', 'C:\\Users\\rahma\\OneDrive\\Desktop\\Fastwork\\framework-4.5.1\\app\\Views\\partials\\navbar.php', 15)
 2 APPPATH\Views\home.php(12): include('C:\\Users\\rahma\\OneDrive\\Desktop\\Fastwork\\framework-4.5.1\\app\\Views\\partials\\navbar.php')
 3 SYSTEMPATH\View\View.php(234): include('C:\\Users\\rahma\\OneDrive\\Desktop\\Fastwork\\framework-4.5.1\\app\\Views\\home.php')
 4 SYSTEMPATH\View\View.php(237): CodeIgniter\View\View->CodeIgniter\View\{closure}()
 5 SYSTEMPATH\Common.php(1171): CodeIgniter\View\View->render('home', [], true)
 6 APPPATH\Controllers\Home.php(9): view('home')
 7 SYSTEMPATH\CodeIgniter.php(933): App\Controllers\Home->index()
 8 SYSTEMPATH\CodeIgniter.php(509): CodeIgniter\CodeIgniter->runController(Object(App\Controllers\Home))
 9 SYSTEMPATH\CodeIgniter.php(355): CodeIgniter\CodeIgniter->handleRequest(null, Object(Config\Cache), false)
10 SYSTEMPATH\Boot.php(312): CodeIgniter\CodeIgniter->run()
11 SYSTEMPATH\Boot.php(67): CodeIgniter\Boot::runCodeIgniter(Object(CodeIgniter\CodeIgniter))
12 FCPATH\index.php(56): CodeIgniter\Boot::bootWeb(Object(Config\Paths))
13 SYSTEMPATH\Commands\Server\rewrite.php(49): require_once('C:\\Users\\rahma\\OneDrive\\Desktop\\Fastwork\\framework-4.5.1\\public\\index.php')
CRITICAL - 2024-05-09 17:17:04 --> ErrorException: Undefined variable $request
[Method: GET, Route: /]
in APPPATH\Views\partials\navbar.php on line 15.
 1 APPPATH\Views\partials\navbar.php(15): CodeIgniter\Debug\Exceptions->errorHandler(2, 'Undefined variable $request', 'C:\\Users\\rahma\\OneDrive\\Desktop\\Fastwork\\framework-4.5.1\\app\\Views\\partials\\navbar.php', 15)
 2 APPPATH\Views\home.php(12): include('C:\\Users\\rahma\\OneDrive\\Desktop\\Fastwork\\framework-4.5.1\\app\\Views\\partials\\navbar.php')
 3 SYSTEMPATH\View\View.php(234): include('C:\\Users\\rahma\\OneDrive\\Desktop\\Fastwork\\framework-4.5.1\\app\\Views\\home.php')
 4 SYSTEMPATH\View\View.php(237): CodeIgniter\View\View->CodeIgniter\View\{closure}()
 5 SYSTEMPATH\Common.php(1171): CodeIgniter\View\View->render('home', [], true)
 6 APPPATH\Controllers\Home.php(9): view('home')
 7 SYSTEMPATH\CodeIgniter.php(933): App\Controllers\Home->index()
 8 SYSTEMPATH\CodeIgniter.php(509): CodeIgniter\CodeIgniter->runController(Object(App\Controllers\Home))
 9 SYSTEMPATH\CodeIgniter.php(355): CodeIgniter\CodeIgniter->handleRequest(null, Object(Config\Cache), false)
10 SYSTEMPATH\Boot.php(312): CodeIgniter\CodeIgniter->run()
11 SYSTEMPATH\Boot.php(67): CodeIgniter\Boot::runCodeIgniter(Object(CodeIgniter\CodeIgniter))
12 FCPATH\index.php(56): CodeIgniter\Boot::bootWeb(Object(Config\Paths))
13 SYSTEMPATH\Commands\Server\rewrite.php(49): require_once('C:\\Users\\rahma\\OneDrive\\Desktop\\Fastwork\\framework-4.5.1\\public\\index.php')
CRITICAL - 2024-05-09 17:17:34 --> ErrorException: Undefined variable $request
[Method: GET, Route: /]
in APPPATH\Views\partials\navbar.php on line 15.
 1 APPPATH\Views\partials\navbar.php(15): CodeIgniter\Debug\Exceptions->errorHandler(2, 'Undefined variable $request', 'C:\\Users\\rahma\\OneDrive\\Desktop\\Fastwork\\framework-4.5.1\\app\\Views\\partials\\navbar.php', 15)
 2 APPPATH\Views\home.php(12): include('C:\\Users\\rahma\\OneDrive\\Desktop\\Fastwork\\framework-4.5.1\\app\\Views\\partials\\navbar.php')
 3 SYSTEMPATH\View\View.php(234): include('C:\\Users\\rahma\\OneDrive\\Desktop\\Fastwork\\framework-4.5.1\\app\\Views\\home.php')
 4 SYSTEMPATH\View\View.php(237): CodeIgniter\View\View->CodeIgniter\View\{closure}()
 5 SYSTEMPATH\Common.php(1171): CodeIgniter\View\View->render('home', [], true)
 6 APPPATH\Controllers\Home.php(9): view('home')
 7 SYSTEMPATH\CodeIgniter.php(933): App\Controllers\Home->index()
 8 SYSTEMPATH\CodeIgniter.php(509): CodeIgniter\CodeIgniter->runController(Object(App\Controllers\Home))
 9 SYSTEMPATH\CodeIgniter.php(355): CodeIgniter\CodeIgniter->handleRequest(null, Object(Config\Cache), false)
10 SYSTEMPATH\Boot.php(312): CodeIgniter\CodeIgniter->run()
11 SYSTEMPATH\Boot.php(67): CodeIgniter\Boot::runCodeIgniter(Object(CodeIgniter\CodeIgniter))
12 FCPATH\index.php(56): CodeIgniter\Boot::bootWeb(Object(Config\Paths))
13 SYSTEMPATH\Commands\Server\rewrite.php(49): require_once('C:\\Users\\rahma\\OneDrive\\Desktop\\Fastwork\\framework-4.5.1\\public\\index.php')
CRITICAL - 2024-05-09 17:17:35 --> ErrorException: Undefined variable $request
[Method: GET, Route: /]
in APPPATH\Views\partials\navbar.php on line 15.
 1 APPPATH\Views\partials\navbar.php(15): CodeIgniter\Debug\Exceptions->errorHandler(2, 'Undefined variable $request', 'C:\\Users\\rahma\\OneDrive\\Desktop\\Fastwork\\framework-4.5.1\\app\\Views\\partials\\navbar.php', 15)
 2 APPPATH\Views\home.php(12): include('C:\\Users\\rahma\\OneDrive\\Desktop\\Fastwork\\framework-4.5.1\\app\\Views\\partials\\navbar.php')
 3 SYSTEMPATH\View\View.php(234): include('C:\\Users\\rahma\\OneDrive\\Desktop\\Fastwork\\framework-4.5.1\\app\\Views\\home.php')
 4 SYSTEMPATH\View\View.php(237): CodeIgniter\View\View->CodeIgniter\View\{closure}()
 5 SYSTEMPATH\Common.php(1171): CodeIgniter\View\View->render('home', [], true)
 6 APPPATH\Controllers\Home.php(9): view('home')
 7 SYSTEMPATH\CodeIgniter.php(933): App\Controllers\Home->index()
 8 SYSTEMPATH\CodeIgniter.php(509): CodeIgniter\CodeIgniter->runController(Object(App\Controllers\Home))
 9 SYSTEMPATH\CodeIgniter.php(355): CodeIgniter\CodeIgniter->handleRequest(null, Object(Config\Cache), false)
10 SYSTEMPATH\Boot.php(312): CodeIgniter\CodeIgniter->run()
11 SYSTEMPATH\Boot.php(67): CodeIgniter\Boot::runCodeIgniter(Object(CodeIgniter\CodeIgniter))
12 FCPATH\index.php(56): CodeIgniter\Boot::bootWeb(Object(Config\Paths))
13 SYSTEMPATH\Commands\Server\rewrite.php(49): require_once('C:\\Users\\rahma\\OneDrive\\Desktop\\Fastwork\\framework-4.5.1\\public\\index.php')
CRITICAL - 2024-05-09 17:17:35 --> ErrorException: Undefined variable $request
[Method: GET, Route: /]
in APPPATH\Views\partials\navbar.php on line 15.
 1 APPPATH\Views\partials\navbar.php(15): CodeIgniter\Debug\Exceptions->errorHandler(2, 'Undefined variable $request', 'C:\\Users\\rahma\\OneDrive\\Desktop\\Fastwork\\framework-4.5.1\\app\\Views\\partials\\navbar.php', 15)
 2 APPPATH\Views\home.php(12): include('C:\\Users\\rahma\\OneDrive\\Desktop\\Fastwork\\framework-4.5.1\\app\\Views\\partials\\navbar.php')
 3 SYSTEMPATH\View\View.php(234): include('C:\\Users\\rahma\\OneDrive\\Desktop\\Fastwork\\framework-4.5.1\\app\\Views\\home.php')
 4 SYSTEMPATH\View\View.php(237): CodeIgniter\View\View->CodeIgniter\View\{closure}()
 5 SYSTEMPATH\Common.php(1171): CodeIgniter\View\View->render('home', [], true)
 6 APPPATH\Controllers\Home.php(9): view('home')
 7 SYSTEMPATH\CodeIgniter.php(933): App\Controllers\Home->index()
 8 SYSTEMPATH\CodeIgniter.php(509): CodeIgniter\CodeIgniter->runController(Object(App\Controllers\Home))
 9 SYSTEMPATH\CodeIgniter.php(355): CodeIgniter\CodeIgniter->handleRequest(null, Object(Config\Cache), false)
10 SYSTEMPATH\Boot.php(312): CodeIgniter\CodeIgniter->run()
11 SYSTEMPATH\Boot.php(67): CodeIgniter\Boot::runCodeIgniter(Object(CodeIgniter\CodeIgniter))
12 FCPATH\index.php(56): CodeIgniter\Boot::bootWeb(Object(Config\Paths))
13 SYSTEMPATH\Commands\Server\rewrite.php(49): require_once('C:\\Users\\rahma\\OneDrive\\Desktop\\Fastwork\\framework-4.5.1\\public\\index.php')
CRITICAL - 2024-05-09 17:17:35 --> ErrorException: Undefined variable $request
[Method: GET, Route: /]
in APPPATH\Views\partials\navbar.php on line 15.
 1 APPPATH\Views\partials\navbar.php(15): CodeIgniter\Debug\Exceptions->errorHandler(2, 'Undefined variable $request', 'C:\\Users\\rahma\\OneDrive\\Desktop\\Fastwork\\framework-4.5.1\\app\\Views\\partials\\navbar.php', 15)
 2 APPPATH\Views\home.php(12): include('C:\\Users\\rahma\\OneDrive\\Desktop\\Fastwork\\framework-4.5.1\\app\\Views\\partials\\navbar.php')
 3 SYSTEMPATH\View\View.php(234): include('C:\\Users\\rahma\\OneDrive\\Desktop\\Fastwork\\framework-4.5.1\\app\\Views\\home.php')
 4 SYSTEMPATH\View\View.php(237): CodeIgniter\View\View->CodeIgniter\View\{closure}()
 5 SYSTEMPATH\Common.php(1171): CodeIgniter\View\View->render('home', [], true)
 6 APPPATH\Controllers\Home.php(9): view('home')
 7 SYSTEMPATH\CodeIgniter.php(933): App\Controllers\Home->index()
 8 SYSTEMPATH\CodeIgniter.php(509): CodeIgniter\CodeIgniter->runController(Object(App\Controllers\Home))
 9 SYSTEMPATH\CodeIgniter.php(355): CodeIgniter\CodeIgniter->handleRequest(null, Object(Config\Cache), false)
10 SYSTEMPATH\Boot.php(312): CodeIgniter\CodeIgniter->run()
11 SYSTEMPATH\Boot.php(67): CodeIgniter\Boot::runCodeIgniter(Object(CodeIgniter\CodeIgniter))
12 FCPATH\index.php(56): CodeIgniter\Boot::bootWeb(Object(Config\Paths))
13 SYSTEMPATH\Commands\Server\rewrite.php(49): require_once('C:\\Users\\rahma\\OneDrive\\Desktop\\Fastwork\\framework-4.5.1\\public\\index.php')
CRITICAL - 2024-05-09 17:17:36 --> ErrorException: Undefined variable $request
[Method: GET, Route: /]
in APPPATH\Views\partials\navbar.php on line 15.
 1 APPPATH\Views\partials\navbar.php(15): CodeIgniter\Debug\Exceptions->errorHandler(2, 'Undefined variable $request', 'C:\\Users\\rahma\\OneDrive\\Desktop\\Fastwork\\framework-4.5.1\\app\\Views\\partials\\navbar.php', 15)
 2 APPPATH\Views\home.php(12): include('C:\\Users\\rahma\\OneDrive\\Desktop\\Fastwork\\framework-4.5.1\\app\\Views\\partials\\navbar.php')
 3 SYSTEMPATH\View\View.php(234): include('C:\\Users\\rahma\\OneDrive\\Desktop\\Fastwork\\framework-4.5.1\\app\\Views\\home.php')
 4 SYSTEMPATH\View\View.php(237): CodeIgniter\View\View->CodeIgniter\View\{closure}()
 5 SYSTEMPATH\Common.php(1171): CodeIgniter\View\View->render('home', [], true)
 6 APPPATH\Controllers\Home.php(9): view('home')
 7 SYSTEMPATH\CodeIgniter.php(933): App\Controllers\Home->index()
 8 SYSTEMPATH\CodeIgniter.php(509): CodeIgniter\CodeIgniter->runController(Object(App\Controllers\Home))
 9 SYSTEMPATH\CodeIgniter.php(355): CodeIgniter\CodeIgniter->handleRequest(null, Object(Config\Cache), false)
10 SYSTEMPATH\Boot.php(312): CodeIgniter\CodeIgniter->run()
11 SYSTEMPATH\Boot.php(67): CodeIgniter\Boot::runCodeIgniter(Object(CodeIgniter\CodeIgniter))
12 FCPATH\index.php(56): CodeIgniter\Boot::bootWeb(Object(Config\Paths))
13 SYSTEMPATH\Commands\Server\rewrite.php(49): require_once('C:\\Users\\rahma\\OneDrive\\Desktop\\Fastwork\\framework-4.5.1\\public\\index.php')
CRITICAL - 2024-05-09 17:17:36 --> ErrorException: Undefined variable $request
[Method: GET, Route: /]
in APPPATH\Views\partials\navbar.php on line 15.
 1 APPPATH\Views\partials\navbar.php(15): CodeIgniter\Debug\Exceptions->errorHandler(2, 'Undefined variable $request', 'C:\\Users\\rahma\\OneDrive\\Desktop\\Fastwork\\framework-4.5.1\\app\\Views\\partials\\navbar.php', 15)
 2 APPPATH\Views\home.php(12): include('C:\\Users\\rahma\\OneDrive\\Desktop\\Fastwork\\framework-4.5.1\\app\\Views\\partials\\navbar.php')
 3 SYSTEMPATH\View\View.php(234): include('C:\\Users\\rahma\\OneDrive\\Desktop\\Fastwork\\framework-4.5.1\\app\\Views\\home.php')
 4 SYSTEMPATH\View\View.php(237): CodeIgniter\View\View->CodeIgniter\View\{closure}()
 5 SYSTEMPATH\Common.php(1171): CodeIgniter\View\View->render('home', [], true)
 6 APPPATH\Controllers\Home.php(9): view('home')
 7 SYSTEMPATH\CodeIgniter.php(933): App\Controllers\Home->index()
 8 SYSTEMPATH\CodeIgniter.php(509): CodeIgniter\CodeIgniter->runController(Object(App\Controllers\Home))
 9 SYSTEMPATH\CodeIgniter.php(355): CodeIgniter\CodeIgniter->handleRequest(null, Object(Config\Cache), false)
10 SYSTEMPATH\Boot.php(312): CodeIgniter\CodeIgniter->run()
11 SYSTEMPATH\Boot.php(67): CodeIgniter\Boot::runCodeIgniter(Object(CodeIgniter\CodeIgniter))
12 FCPATH\index.php(56): CodeIgniter\Boot::bootWeb(Object(Config\Paths))
13 SYSTEMPATH\Commands\Server\rewrite.php(49): require_once('C:\\Users\\rahma\\OneDrive\\Desktop\\Fastwork\\framework-4.5.1\\public\\index.php')
CRITICAL - 2024-05-09 17:17:36 --> ErrorException: Undefined variable $request
[Method: GET, Route: /]
in APPPATH\Views\partials\navbar.php on line 15.
 1 APPPATH\Views\partials\navbar.php(15): CodeIgniter\Debug\Exceptions->errorHandler(2, 'Undefined variable $request', 'C:\\Users\\rahma\\OneDrive\\Desktop\\Fastwork\\framework-4.5.1\\app\\Views\\partials\\navbar.php', 15)
 2 APPPATH\Views\home.php(12): include('C:\\Users\\rahma\\OneDrive\\Desktop\\Fastwork\\framework-4.5.1\\app\\Views\\partials\\navbar.php')
 3 SYSTEMPATH\View\View.php(234): include('C:\\Users\\rahma\\OneDrive\\Desktop\\Fastwork\\framework-4.5.1\\app\\Views\\home.php')
 4 SYSTEMPATH\View\View.php(237): CodeIgniter\View\View->CodeIgniter\View\{closure}()
 5 SYSTEMPATH\Common.php(1171): CodeIgniter\View\View->render('home', [], true)
 6 APPPATH\Controllers\Home.php(9): view('home')
 7 SYSTEMPATH\CodeIgniter.php(933): App\Controllers\Home->index()
 8 SYSTEMPATH\CodeIgniter.php(509): CodeIgniter\CodeIgniter->runController(Object(App\Controllers\Home))
 9 SYSTEMPATH\CodeIgniter.php(355): CodeIgniter\CodeIgniter->handleRequest(null, Object(Config\Cache), false)
10 SYSTEMPATH\Boot.php(312): CodeIgniter\CodeIgniter->run()
11 SYSTEMPATH\Boot.php(67): CodeIgniter\Boot::runCodeIgniter(Object(CodeIgniter\CodeIgniter))
12 FCPATH\index.php(56): CodeIgniter\Boot::bootWeb(Object(Config\Paths))
13 SYSTEMPATH\Commands\Server\rewrite.php(49): require_once('C:\\Users\\rahma\\OneDrive\\Desktop\\Fastwork\\framework-4.5.1\\public\\index.php')
CRITICAL - 2024-05-09 17:17:36 --> ErrorException: Undefined variable $request
[Method: GET, Route: /]
in APPPATH\Views\partials\navbar.php on line 15.
 1 APPPATH\Views\partials\navbar.php(15): CodeIgniter\Debug\Exceptions->errorHandler(2, 'Undefined variable $request', 'C:\\Users\\rahma\\OneDrive\\Desktop\\Fastwork\\framework-4.5.1\\app\\Views\\partials\\navbar.php', 15)
 2 APPPATH\Views\home.php(12): include('C:\\Users\\rahma\\OneDrive\\Desktop\\Fastwork\\framework-4.5.1\\app\\Views\\partials\\navbar.php')
 3 SYSTEMPATH\View\View.php(234): include('C:\\Users\\rahma\\OneDrive\\Desktop\\Fastwork\\framework-4.5.1\\app\\Views\\home.php')
 4 SYSTEMPATH\View\View.php(237): CodeIgniter\View\View->CodeIgniter\View\{closure}()
 5 SYSTEMPATH\Common.php(1171): CodeIgniter\View\View->render('home', [], true)
 6 APPPATH\Controllers\Home.php(9): view('home')
 7 SYSTEMPATH\CodeIgniter.php(933): App\Controllers\Home->index()
 8 SYSTEMPATH\CodeIgniter.php(509): CodeIgniter\CodeIgniter->runController(Object(App\Controllers\Home))
 9 SYSTEMPATH\CodeIgniter.php(355): CodeIgniter\CodeIgniter->handleRequest(null, Object(Config\Cache), false)
10 SYSTEMPATH\Boot.php(312): CodeIgniter\CodeIgniter->run()
11 SYSTEMPATH\Boot.php(67): CodeIgniter\Boot::runCodeIgniter(Object(CodeIgniter\CodeIgniter))
12 FCPATH\index.php(56): CodeIgniter\Boot::bootWeb(Object(Config\Paths))
13 SYSTEMPATH\Commands\Server\rewrite.php(49): require_once('C:\\Users\\rahma\\OneDrive\\Desktop\\Fastwork\\framework-4.5.1\\public\\index.php')
CRITICAL - 2024-05-09 17:17:37 --> ErrorException: Undefined variable $request
[Method: GET, Route: /]
in APPPATH\Views\partials\navbar.php on line 15.
 1 APPPATH\Views\partials\navbar.php(15): CodeIgniter\Debug\Exceptions->errorHandler(2, 'Undefined variable $request', 'C:\\Users\\rahma\\OneDrive\\Desktop\\Fastwork\\framework-4.5.1\\app\\Views\\partials\\navbar.php', 15)
 2 APPPATH\Views\home.php(12): include('C:\\Users\\rahma\\OneDrive\\Desktop\\Fastwork\\framework-4.5.1\\app\\Views\\partials\\navbar.php')
 3 SYSTEMPATH\View\View.php(234): include('C:\\Users\\rahma\\OneDrive\\Desktop\\Fastwork\\framework-4.5.1\\app\\Views\\home.php')
 4 SYSTEMPATH\View\View.php(237): CodeIgniter\View\View->CodeIgniter\View\{closure}()
 5 SYSTEMPATH\Common.php(1171): CodeIgniter\View\View->render('home', [], true)
 6 APPPATH\Controllers\Home.php(9): view('home')
 7 SYSTEMPATH\CodeIgniter.php(933): App\Controllers\Home->index()
 8 SYSTEMPATH\CodeIgniter.php(509): CodeIgniter\CodeIgniter->runController(Object(App\Controllers\Home))
 9 SYSTEMPATH\CodeIgniter.php(355): CodeIgniter\CodeIgniter->handleRequest(null, Object(Config\Cache), false)
10 SYSTEMPATH\Boot.php(312): CodeIgniter\CodeIgniter->run()
11 SYSTEMPATH\Boot.php(67): CodeIgniter\Boot::runCodeIgniter(Object(CodeIgniter\CodeIgniter))
12 FCPATH\index.php(56): CodeIgniter\Boot::bootWeb(Object(Config\Paths))
13 SYSTEMPATH\Commands\Server\rewrite.php(49): require_once('C:\\Users\\rahma\\OneDrive\\Desktop\\Fastwork\\framework-4.5.1\\public\\index.php')
CRITICAL - 2024-05-09 17:17:41 --> ErrorException: Undefined variable $request
[Method: GET, Route: /]
in APPPATH\Views\partials\navbar.php on line 15.
 1 APPPATH\Views\partials\navbar.php(15): CodeIgniter\Debug\Exceptions->errorHandler(2, 'Undefined variable $request', 'C:\\Users\\rahma\\OneDrive\\Desktop\\Fastwork\\framework-4.5.1\\app\\Views\\partials\\navbar.php', 15)
 2 APPPATH\Views\home.php(12): include('C:\\Users\\rahma\\OneDrive\\Desktop\\Fastwork\\framework-4.5.1\\app\\Views\\partials\\navbar.php')
 3 SYSTEMPATH\View\View.php(234): include('C:\\Users\\rahma\\OneDrive\\Desktop\\Fastwork\\framework-4.5.1\\app\\Views\\home.php')
 4 SYSTEMPATH\View\View.php(237): CodeIgniter\View\View->CodeIgniter\View\{closure}()
 5 SYSTEMPATH\Common.php(1171): CodeIgniter\View\View->render('home', [], true)
 6 APPPATH\Controllers\Home.php(9): view('home')
 7 SYSTEMPATH\CodeIgniter.php(933): App\Controllers\Home->index()
 8 SYSTEMPATH\CodeIgniter.php(509): CodeIgniter\CodeIgniter->runController(Object(App\Controllers\Home))
 9 SYSTEMPATH\CodeIgniter.php(355): CodeIgniter\CodeIgniter->handleRequest(null, Object(Config\Cache), false)
10 SYSTEMPATH\Boot.php(312): CodeIgniter\CodeIgniter->run()
11 SYSTEMPATH\Boot.php(67): CodeIgniter\Boot::runCodeIgniter(Object(CodeIgniter\CodeIgniter))
12 FCPATH\index.php(56): CodeIgniter\Boot::bootWeb(Object(Config\Paths))
13 SYSTEMPATH\Commands\Server\rewrite.php(49): require_once('C:\\Users\\rahma\\OneDrive\\Desktop\\Fastwork\\framework-4.5.1\\public\\index.php')
CRITICAL - 2024-05-09 17:17:42 --> ErrorException: Undefined variable $request
[Method: GET, Route: /]
in APPPATH\Views\partials\navbar.php on line 15.
 1 APPPATH\Views\partials\navbar.php(15): CodeIgniter\Debug\Exceptions->errorHandler(2, 'Undefined variable $request', 'C:\\Users\\rahma\\OneDrive\\Desktop\\Fastwork\\framework-4.5.1\\app\\Views\\partials\\navbar.php', 15)
 2 APPPATH\Views\home.php(12): include('C:\\Users\\rahma\\OneDrive\\Desktop\\Fastwork\\framework-4.5.1\\app\\Views\\partials\\navbar.php')
 3 SYSTEMPATH\View\View.php(234): include('C:\\Users\\rahma\\OneDrive\\Desktop\\Fastwork\\framework-4.5.1\\app\\Views\\home.php')
 4 SYSTEMPATH\View\View.php(237): CodeIgniter\View\View->CodeIgniter\View\{closure}()
 5 SYSTEMPATH\Common.php(1171): CodeIgniter\View\View->render('home', [], true)
 6 APPPATH\Controllers\Home.php(9): view('home')
 7 SYSTEMPATH\CodeIgniter.php(933): App\Controllers\Home->index()
 8 SYSTEMPATH\CodeIgniter.php(509): CodeIgniter\CodeIgniter->runController(Object(App\Controllers\Home))
 9 SYSTEMPATH\CodeIgniter.php(355): CodeIgniter\CodeIgniter->handleRequest(null, Object(Config\Cache), false)
10 SYSTEMPATH\Boot.php(312): CodeIgniter\CodeIgniter->run()
11 SYSTEMPATH\Boot.php(67): CodeIgniter\Boot::runCodeIgniter(Object(CodeIgniter\CodeIgniter))
12 FCPATH\index.php(56): CodeIgniter\Boot::bootWeb(Object(Config\Paths))
13 SYSTEMPATH\Commands\Server\rewrite.php(49): require_once('C:\\Users\\rahma\\OneDrive\\Desktop\\Fastwork\\framework-4.5.1\\public\\index.php')
CRITICAL - 2024-05-09 17:17:42 --> ErrorException: Undefined variable $request
[Method: GET, Route: /]
in APPPATH\Views\partials\navbar.php on line 15.
 1 APPPATH\Views\partials\navbar.php(15): CodeIgniter\Debug\Exceptions->errorHandler(2, 'Undefined variable $request', 'C:\\Users\\rahma\\OneDrive\\Desktop\\Fastwork\\framework-4.5.1\\app\\Views\\partials\\navbar.php', 15)
 2 APPPATH\Views\home.php(12): include('C:\\Users\\rahma\\OneDrive\\Desktop\\Fastwork\\framework-4.5.1\\app\\Views\\partials\\navbar.php')
 3 SYSTEMPATH\View\View.php(234): include('C:\\Users\\rahma\\OneDrive\\Desktop\\Fastwork\\framework-4.5.1\\app\\Views\\home.php')
 4 SYSTEMPATH\View\View.php(237): CodeIgniter\View\View->CodeIgniter\View\{closure}()
 5 SYSTEMPATH\Common.php(1171): CodeIgniter\View\View->render('home', [], true)
 6 APPPATH\Controllers\Home.php(9): view('home')
 7 SYSTEMPATH\CodeIgniter.php(933): App\Controllers\Home->index()
 8 SYSTEMPATH\CodeIgniter.php(509): CodeIgniter\CodeIgniter->runController(Object(App\Controllers\Home))
 9 SYSTEMPATH\CodeIgniter.php(355): CodeIgniter\CodeIgniter->handleRequest(null, Object(Config\Cache), false)
10 SYSTEMPATH\Boot.php(312): CodeIgniter\CodeIgniter->run()
11 SYSTEMPATH\Boot.php(67): CodeIgniter\Boot::runCodeIgniter(Object(CodeIgniter\CodeIgniter))
12 FCPATH\index.php(56): CodeIgniter\Boot::bootWeb(Object(Config\Paths))
13 SYSTEMPATH\Commands\Server\rewrite.php(49): require_once('C:\\Users\\rahma\\OneDrive\\Desktop\\Fastwork\\framework-4.5.1\\public\\index.php')
CRITICAL - 2024-05-09 17:17:45 --> ErrorException: Undefined variable $request
[Method: GET, Route: about]
in APPPATH\Views\partials\navbar.php on line 15.
 1 APPPATH\Views\partials\navbar.php(15): CodeIgniter\Debug\Exceptions->errorHandler(2, 'Undefined variable $request', 'C:\\Users\\rahma\\OneDrive\\Desktop\\Fastwork\\framework-4.5.1\\app\\Views\\partials\\navbar.php', 15)
 2 APPPATH\Views\about.php(12): include('C:\\Users\\rahma\\OneDrive\\Desktop\\Fastwork\\framework-4.5.1\\app\\Views\\partials\\navbar.php')
 3 SYSTEMPATH\View\View.php(234): include('C:\\Users\\rahma\\OneDrive\\Desktop\\Fastwork\\framework-4.5.1\\app\\Views\\about.php')
 4 SYSTEMPATH\View\View.php(237): CodeIgniter\View\View->CodeIgniter\View\{closure}()
 5 SYSTEMPATH\Common.php(1171): CodeIgniter\View\View->render('about', [], true)
 6 APPPATH\Controllers\About.php(9): view('about')
 7 SYSTEMPATH\CodeIgniter.php(933): App\Controllers\About->index()
 8 SYSTEMPATH\CodeIgniter.php(509): CodeIgniter\CodeIgniter->runController(Object(App\Controllers\About))
 9 SYSTEMPATH\CodeIgniter.php(355): CodeIgniter\CodeIgniter->handleRequest(null, Object(Config\Cache), false)
10 SYSTEMPATH\Boot.php(312): CodeIgniter\CodeIgniter->run()
11 SYSTEMPATH\Boot.php(67): CodeIgniter\Boot::runCodeIgniter(Object(CodeIgniter\CodeIgniter))
12 FCPATH\index.php(56): CodeIgniter\Boot::bootWeb(Object(Config\Paths))
13 SYSTEMPATH\Commands\Server\rewrite.php(49): require_once('C:\\Users\\rahma\\OneDrive\\Desktop\\Fastwork\\framework-4.5.1\\public\\index.php')
CRITICAL - 2024-05-09 17:17:46 --> ErrorException: Undefined variable $request
[Method: GET, Route: about]
in APPPATH\Views\partials\navbar.php on line 15.
 1 APPPATH\Views\partials\navbar.php(15): CodeIgniter\Debug\Exceptions->errorHandler(2, 'Undefined variable $request', 'C:\\Users\\rahma\\OneDrive\\Desktop\\Fastwork\\framework-4.5.1\\app\\Views\\partials\\navbar.php', 15)
 2 APPPATH\Views\about.php(12): include('C:\\Users\\rahma\\OneDrive\\Desktop\\Fastwork\\framework-4.5.1\\app\\Views\\partials\\navbar.php')
 3 SYSTEMPATH\View\View.php(234): include('C:\\Users\\rahma\\OneDrive\\Desktop\\Fastwork\\framework-4.5.1\\app\\Views\\about.php')
 4 SYSTEMPATH\View\View.php(237): CodeIgniter\View\View->CodeIgniter\View\{closure}()
 5 SYSTEMPATH\Common.php(1171): CodeIgniter\View\View->render('about', [], true)
 6 APPPATH\Controllers\About.php(9): view('about')
 7 SYSTEMPATH\CodeIgniter.php(933): App\Controllers\About->index()
 8 SYSTEMPATH\CodeIgniter.php(509): CodeIgniter\CodeIgniter->runController(Object(App\Controllers\About))
 9 SYSTEMPATH\CodeIgniter.php(355): CodeIgniter\CodeIgniter->handleRequest(null, Object(Config\Cache), false)
10 SYSTEMPATH\Boot.php(312): CodeIgniter\CodeIgniter->run()
11 SYSTEMPATH\Boot.php(67): CodeIgniter\Boot::runCodeIgniter(Object(CodeIgniter\CodeIgniter))
12 FCPATH\index.php(56): CodeIgniter\Boot::bootWeb(Object(Config\Paths))
13 SYSTEMPATH\Commands\Server\rewrite.php(49): require_once('C:\\Users\\rahma\\OneDrive\\Desktop\\Fastwork\\framework-4.5.1\\public\\index.php')
CRITICAL - 2024-05-09 17:17:46 --> ErrorException: Undefined variable $request
[Method: GET, Route: about]
in APPPATH\Views\partials\navbar.php on line 15.
 1 APPPATH\Views\partials\navbar.php(15): CodeIgniter\Debug\Exceptions->errorHandler(2, 'Undefined variable $request', 'C:\\Users\\rahma\\OneDrive\\Desktop\\Fastwork\\framework-4.5.1\\app\\Views\\partials\\navbar.php', 15)
 2 APPPATH\Views\about.php(12): include('C:\\Users\\rahma\\OneDrive\\Desktop\\Fastwork\\framework-4.5.1\\app\\Views\\partials\\navbar.php')
 3 SYSTEMPATH\View\View.php(234): include('C:\\Users\\rahma\\OneDrive\\Desktop\\Fastwork\\framework-4.5.1\\app\\Views\\about.php')
 4 SYSTEMPATH\View\View.php(237): CodeIgniter\View\View->CodeIgniter\View\{closure}()
 5 SYSTEMPATH\Common.php(1171): CodeIgniter\View\View->render('about', [], true)
 6 APPPATH\Controllers\About.php(9): view('about')
 7 SYSTEMPATH\CodeIgniter.php(933): App\Controllers\About->index()
 8 SYSTEMPATH\CodeIgniter.php(509): CodeIgniter\CodeIgniter->runController(Object(App\Controllers\About))
 9 SYSTEMPATH\CodeIgniter.php(355): CodeIgniter\CodeIgniter->handleRequest(null, Object(Config\Cache), false)
10 SYSTEMPATH\Boot.php(312): CodeIgniter\CodeIgniter->run()
11 SYSTEMPATH\Boot.php(67): CodeIgniter\Boot::runCodeIgniter(Object(CodeIgniter\CodeIgniter))
12 FCPATH\index.php(56): CodeIgniter\Boot::bootWeb(Object(Config\Paths))
13 SYSTEMPATH\Commands\Server\rewrite.php(49): require_once('C:\\Users\\rahma\\OneDrive\\Desktop\\Fastwork\\framework-4.5.1\\public\\index.php')
CRITICAL - 2024-05-09 17:17:46 --> ErrorException: Undefined variable $request
[Method: GET, Route: about]
in APPPATH\Views\partials\navbar.php on line 15.
 1 APPPATH\Views\partials\navbar.php(15): CodeIgniter\Debug\Exceptions->errorHandler(2, 'Undefined variable $request', 'C:\\Users\\rahma\\OneDrive\\Desktop\\Fastwork\\framework-4.5.1\\app\\Views\\partials\\navbar.php', 15)
 2 APPPATH\Views\about.php(12): include('C:\\Users\\rahma\\OneDrive\\Desktop\\Fastwork\\framework-4.5.1\\app\\Views\\partials\\navbar.php')
 3 SYSTEMPATH\View\View.php(234): include('C:\\Users\\rahma\\OneDrive\\Desktop\\Fastwork\\framework-4.5.1\\app\\Views\\about.php')
 4 SYSTEMPATH\View\View.php(237): CodeIgniter\View\View->CodeIgniter\View\{closure}()
 5 SYSTEMPATH\Common.php(1171): CodeIgniter\View\View->render('about', [], true)
 6 APPPATH\Controllers\About.php(9): view('about')
 7 SYSTEMPATH\CodeIgniter.php(933): App\Controllers\About->index()
 8 SYSTEMPATH\CodeIgniter.php(509): CodeIgniter\CodeIgniter->runController(Object(App\Controllers\About))
 9 SYSTEMPATH\CodeIgniter.php(355): CodeIgniter\CodeIgniter->handleRequest(null, Object(Config\Cache), false)
10 SYSTEMPATH\Boot.php(312): CodeIgniter\CodeIgniter->run()
11 SYSTEMPATH\Boot.php(67): CodeIgniter\Boot::runCodeIgniter(Object(CodeIgniter\CodeIgniter))
12 FCPATH\index.php(56): CodeIgniter\Boot::bootWeb(Object(Config\Paths))
13 SYSTEMPATH\Commands\Server\rewrite.php(49): require_once('C:\\Users\\rahma\\OneDrive\\Desktop\\Fastwork\\framework-4.5.1\\public\\index.php')
CRITICAL - 2024-05-09 17:17:46 --> ErrorException: Undefined variable $request
[Method: GET, Route: about]
in APPPATH\Views\partials\navbar.php on line 15.
 1 APPPATH\Views\partials\navbar.php(15): CodeIgniter\Debug\Exceptions->errorHandler(2, 'Undefined variable $request', 'C:\\Users\\rahma\\OneDrive\\Desktop\\Fastwork\\framework-4.5.1\\app\\Views\\partials\\navbar.php', 15)
 2 APPPATH\Views\about.php(12): include('C:\\Users\\rahma\\OneDrive\\Desktop\\Fastwork\\framework-4.5.1\\app\\Views\\partials\\navbar.php')
 3 SYSTEMPATH\View\View.php(234): include('C:\\Users\\rahma\\OneDrive\\Desktop\\Fastwork\\framework-4.5.1\\app\\Views\\about.php')
 4 SYSTEMPATH\View\View.php(237): CodeIgniter\View\View->CodeIgniter\View\{closure}()
 5 SYSTEMPATH\Common.php(1171): CodeIgniter\View\View->render('about', [], true)
 6 APPPATH\Controllers\About.php(9): view('about')
 7 SYSTEMPATH\CodeIgniter.php(933): App\Controllers\About->index()
 8 SYSTEMPATH\CodeIgniter.php(509): CodeIgniter\CodeIgniter->runController(Object(App\Controllers\About))
 9 SYSTEMPATH\CodeIgniter.php(355): CodeIgniter\CodeIgniter->handleRequest(null, Object(Config\Cache), false)
10 SYSTEMPATH\Boot.php(312): CodeIgniter\CodeIgniter->run()
11 SYSTEMPATH\Boot.php(67): CodeIgniter\Boot::runCodeIgniter(Object(CodeIgniter\CodeIgniter))
12 FCPATH\index.php(56): CodeIgniter\Boot::bootWeb(Object(Config\Paths))
13 SYSTEMPATH\Commands\Server\rewrite.php(49): require_once('C:\\Users\\rahma\\OneDrive\\Desktop\\Fastwork\\framework-4.5.1\\public\\index.php')
CRITICAL - 2024-05-09 17:17:49 --> ErrorException: Undefined variable $request
[Method: GET, Route: /]
in APPPATH\Views\partials\navbar.php on line 15.
 1 APPPATH\Views\partials\navbar.php(15): CodeIgniter\Debug\Exceptions->errorHandler(2, 'Undefined variable $request', 'C:\\Users\\rahma\\OneDrive\\Desktop\\Fastwork\\framework-4.5.1\\app\\Views\\partials\\navbar.php', 15)
 2 APPPATH\Views\home.php(12): include('C:\\Users\\rahma\\OneDrive\\Desktop\\Fastwork\\framework-4.5.1\\app\\Views\\partials\\navbar.php')
 3 SYSTEMPATH\View\View.php(234): include('C:\\Users\\rahma\\OneDrive\\Desktop\\Fastwork\\framework-4.5.1\\app\\Views\\home.php')
 4 SYSTEMPATH\View\View.php(237): CodeIgniter\View\View->CodeIgniter\View\{closure}()
 5 SYSTEMPATH\Common.php(1171): CodeIgniter\View\View->render('home', [], true)
 6 APPPATH\Controllers\Home.php(9): view('home')
 7 SYSTEMPATH\CodeIgniter.php(933): App\Controllers\Home->index()
 8 SYSTEMPATH\CodeIgniter.php(509): CodeIgniter\CodeIgniter->runController(Object(App\Controllers\Home))
 9 SYSTEMPATH\CodeIgniter.php(355): CodeIgniter\CodeIgniter->handleRequest(null, Object(Config\Cache), false)
10 SYSTEMPATH\Boot.php(312): CodeIgniter\CodeIgniter->run()
11 SYSTEMPATH\Boot.php(67): CodeIgniter\Boot::runCodeIgniter(Object(CodeIgniter\CodeIgniter))
12 FCPATH\index.php(56): CodeIgniter\Boot::bootWeb(Object(Config\Paths))
13 SYSTEMPATH\Commands\Server\rewrite.php(49): require_once('C:\\Users\\rahma\\OneDrive\\Desktop\\Fastwork\\framework-4.5.1\\public\\index.php')
CRITICAL - 2024-05-09 17:17:54 --> ErrorException: Undefined variable $request
[Method: GET, Route: /]
in APPPATH\Views\partials\navbar.php on line 15.
 1 APPPATH\Views\partials\navbar.php(15): CodeIgniter\Debug\Exceptions->errorHandler(2, 'Undefined variable $request', 'C:\\Users\\rahma\\OneDrive\\Desktop\\Fastwork\\framework-4.5.1\\app\\Views\\partials\\navbar.php', 15)
 2 APPPATH\Views\home.php(12): include('C:\\Users\\rahma\\OneDrive\\Desktop\\Fastwork\\framework-4.5.1\\app\\Views\\partials\\navbar.php')
 3 SYSTEMPATH\View\View.php(234): include('C:\\Users\\rahma\\OneDrive\\Desktop\\Fastwork\\framework-4.5.1\\app\\Views\\home.php')
 4 SYSTEMPATH\View\View.php(237): CodeIgniter\View\View->CodeIgniter\View\{closure}()
 5 SYSTEMPATH\Common.php(1171): CodeIgniter\View\View->render('home', [], true)
 6 APPPATH\Controllers\Home.php(9): view('home')
 7 SYSTEMPATH\CodeIgniter.php(933): App\Controllers\Home->index()
 8 SYSTEMPATH\CodeIgniter.php(509): CodeIgniter\CodeIgniter->runController(Object(App\Controllers\Home))
 9 SYSTEMPATH\CodeIgniter.php(355): CodeIgniter\CodeIgniter->handleRequest(null, Object(Config\Cache), false)
10 SYSTEMPATH\Boot.php(312): CodeIgniter\CodeIgniter->run()
11 SYSTEMPATH\Boot.php(67): CodeIgniter\Boot::runCodeIgniter(Object(CodeIgniter\CodeIgniter))
12 FCPATH\index.php(56): CodeIgniter\Boot::bootWeb(Object(Config\Paths))
13 SYSTEMPATH\Commands\Server\rewrite.php(49): require_once('C:\\Users\\rahma\\OneDrive\\Desktop\\Fastwork\\framework-4.5.1\\public\\index.php')
CRITICAL - 2024-05-09 17:17:55 --> ErrorException: Undefined variable $request
[Method: GET, Route: /]
in APPPATH\Views\partials\navbar.php on line 15.
 1 APPPATH\Views\partials\navbar.php(15): CodeIgniter\Debug\Exceptions->errorHandler(2, 'Undefined variable $request', 'C:\\Users\\rahma\\OneDrive\\Desktop\\Fastwork\\framework-4.5.1\\app\\Views\\partials\\navbar.php', 15)
 2 APPPATH\Views\home.php(12): include('C:\\Users\\rahma\\OneDrive\\Desktop\\Fastwork\\framework-4.5.1\\app\\Views\\partials\\navbar.php')
 3 SYSTEMPATH\View\View.php(234): include('C:\\Users\\rahma\\OneDrive\\Desktop\\Fastwork\\framework-4.5.1\\app\\Views\\home.php')
 4 SYSTEMPATH\View\View.php(237): CodeIgniter\View\View->CodeIgniter\View\{closure}()
 5 SYSTEMPATH\Common.php(1171): CodeIgniter\View\View->render('home', [], true)
 6 APPPATH\Controllers\Home.php(9): view('home')
 7 SYSTEMPATH\CodeIgniter.php(933): App\Controllers\Home->index()
 8 SYSTEMPATH\CodeIgniter.php(509): CodeIgniter\CodeIgniter->runController(Object(App\Controllers\Home))
 9 SYSTEMPATH\CodeIgniter.php(355): CodeIgniter\CodeIgniter->handleRequest(null, Object(Config\Cache), false)
10 SYSTEMPATH\Boot.php(312): CodeIgniter\CodeIgniter->run()
11 SYSTEMPATH\Boot.php(67): CodeIgniter\Boot::runCodeIgniter(Object(CodeIgniter\CodeIgniter))
12 FCPATH\index.php(56): CodeIgniter\Boot::bootWeb(Object(Config\Paths))
13 SYSTEMPATH\Commands\Server\rewrite.php(49): require_once('C:\\Users\\rahma\\OneDrive\\Desktop\\Fastwork\\framework-4.5.1\\public\\index.php')
CRITICAL - 2024-05-09 17:18:08 --> ErrorException: Undefined variable $request
[Method: GET, Route: /]
in APPPATH\Views\partials\navbar.php on line 15.
 1 APPPATH\Views\partials\navbar.php(15): CodeIgniter\Debug\Exceptions->errorHandler(2, 'Undefined variable $request', 'C:\\Users\\rahma\\OneDrive\\Desktop\\Fastwork\\framework-4.5.1\\app\\Views\\partials\\navbar.php', 15)
 2 APPPATH\Views\home.php(12): include('C:\\Users\\rahma\\OneDrive\\Desktop\\Fastwork\\framework-4.5.1\\app\\Views\\partials\\navbar.php')
 3 SYSTEMPATH\View\View.php(234): include('C:\\Users\\rahma\\OneDrive\\Desktop\\Fastwork\\framework-4.5.1\\app\\Views\\home.php')
 4 SYSTEMPATH\View\View.php(237): CodeIgniter\View\View->CodeIgniter\View\{closure}()
 5 SYSTEMPATH\Common.php(1171): CodeIgniter\View\View->render('home', [], true)
 6 APPPATH\Controllers\Home.php(9): view('home')
 7 SYSTEMPATH\CodeIgniter.php(933): App\Controllers\Home->index()
 8 SYSTEMPATH\CodeIgniter.php(509): CodeIgniter\CodeIgniter->runController(Object(App\Controllers\Home))
 9 SYSTEMPATH\CodeIgniter.php(355): CodeIgniter\CodeIgniter->handleRequest(null, Object(Config\Cache), false)
10 SYSTEMPATH\Boot.php(312): CodeIgniter\CodeIgniter->run()
11 SYSTEMPATH\Boot.php(67): CodeIgniter\Boot::runCodeIgniter(Object(CodeIgniter\CodeIgniter))
12 FCPATH\index.php(56): CodeIgniter\Boot::bootWeb(Object(Config\Paths))
13 SYSTEMPATH\Commands\Server\rewrite.php(49): require_once('C:\\Users\\rahma\\OneDrive\\Desktop\\Fastwork\\framework-4.5.1\\public\\index.php')
CRITICAL - 2024-05-09 17:18:12 --> ErrorException: Undefined variable $request
[Method: GET, Route: /]
in APPPATH\Views\partials\navbar.php on line 15.
 1 APPPATH\Views\partials\navbar.php(15): CodeIgniter\Debug\Exceptions->errorHandler(2, 'Undefined variable $request', 'C:\\Users\\rahma\\OneDrive\\Desktop\\Fastwork\\framework-4.5.1\\app\\Views\\partials\\navbar.php', 15)
 2 APPPATH\Views\home.php(12): include('C:\\Users\\rahma\\OneDrive\\Desktop\\Fastwork\\framework-4.5.1\\app\\Views\\partials\\navbar.php')
 3 SYSTEMPATH\View\View.php(234): include('C:\\Users\\rahma\\OneDrive\\Desktop\\Fastwork\\framework-4.5.1\\app\\Views\\home.php')
 4 SYSTEMPATH\View\View.php(237): CodeIgniter\View\View->CodeIgniter\View\{closure}()
 5 SYSTEMPATH\Common.php(1171): CodeIgniter\View\View->render('home', [], true)
 6 APPPATH\Controllers\Home.php(9): view('home')
 7 SYSTEMPATH\CodeIgniter.php(933): App\Controllers\Home->index()
 8 SYSTEMPATH\CodeIgniter.php(509): CodeIgniter\CodeIgniter->runController(Object(App\Controllers\Home))
 9 SYSTEMPATH\CodeIgniter.php(355): CodeIgniter\CodeIgniter->handleRequest(null, Object(Config\Cache), false)
10 SYSTEMPATH\Boot.php(312): CodeIgniter\CodeIgniter->run()
11 SYSTEMPATH\Boot.php(67): CodeIgniter\Boot::runCodeIgniter(Object(CodeIgniter\CodeIgniter))
12 FCPATH\index.php(56): CodeIgniter\Boot::bootWeb(Object(Config\Paths))
13 SYSTEMPATH\Commands\Server\rewrite.php(49): require_once('C:\\Users\\rahma\\OneDrive\\Desktop\\Fastwork\\framework-4.5.1\\public\\index.php')
CRITICAL - 2024-05-09 17:18:13 --> ErrorException: Undefined variable $request
[Method: GET, Route: /]
in APPPATH\Views\partials\navbar.php on line 15.
 1 APPPATH\Views\partials\navbar.php(15): CodeIgniter\Debug\Exceptions->errorHandler(2, 'Undefined variable $request', 'C:\\Users\\rahma\\OneDrive\\Desktop\\Fastwork\\framework-4.5.1\\app\\Views\\partials\\navbar.php', 15)
 2 APPPATH\Views\home.php(12): include('C:\\Users\\rahma\\OneDrive\\Desktop\\Fastwork\\framework-4.5.1\\app\\Views\\partials\\navbar.php')
 3 SYSTEMPATH\View\View.php(234): include('C:\\Users\\rahma\\OneDrive\\Desktop\\Fastwork\\framework-4.5.1\\app\\Views\\home.php')
 4 SYSTEMPATH\View\View.php(237): CodeIgniter\View\View->CodeIgniter\View\{closure}()
 5 SYSTEMPATH\Common.php(1171): CodeIgniter\View\View->render('home', [], true)
 6 APPPATH\Controllers\Home.php(9): view('home')
 7 SYSTEMPATH\CodeIgniter.php(933): App\Controllers\Home->index()
 8 SYSTEMPATH\CodeIgniter.php(509): CodeIgniter\CodeIgniter->runController(Object(App\Controllers\Home))
 9 SYSTEMPATH\CodeIgniter.php(355): CodeIgniter\CodeIgniter->handleRequest(null, Object(Config\Cache), false)
10 SYSTEMPATH\Boot.php(312): CodeIgniter\CodeIgniter->run()
11 SYSTEMPATH\Boot.php(67): CodeIgniter\Boot::runCodeIgniter(Object(CodeIgniter\CodeIgniter))
12 FCPATH\index.php(56): CodeIgniter\Boot::bootWeb(Object(Config\Paths))
13 SYSTEMPATH\Commands\Server\rewrite.php(49): require_once('C:\\Users\\rahma\\OneDrive\\Desktop\\Fastwork\\framework-4.5.1\\public\\index.php')
CRITICAL - 2024-05-09 17:18:16 --> ErrorException: Undefined variable $request
[Method: GET, Route: about]
in APPPATH\Views\partials\navbar.php on line 15.
 1 APPPATH\Views\partials\navbar.php(15): CodeIgniter\Debug\Exceptions->errorHandler(2, 'Undefined variable $request', 'C:\\Users\\rahma\\OneDrive\\Desktop\\Fastwork\\framework-4.5.1\\app\\Views\\partials\\navbar.php', 15)
 2 APPPATH\Views\about.php(12): include('C:\\Users\\rahma\\OneDrive\\Desktop\\Fastwork\\framework-4.5.1\\app\\Views\\partials\\navbar.php')
 3 SYSTEMPATH\View\View.php(234): include('C:\\Users\\rahma\\OneDrive\\Desktop\\Fastwork\\framework-4.5.1\\app\\Views\\about.php')
 4 SYSTEMPATH\View\View.php(237): CodeIgniter\View\View->CodeIgniter\View\{closure}()
 5 SYSTEMPATH\Common.php(1171): CodeIgniter\View\View->render('about', [], true)
 6 APPPATH\Controllers\About.php(9): view('about')
 7 SYSTEMPATH\CodeIgniter.php(933): App\Controllers\About->index()
 8 SYSTEMPATH\CodeIgniter.php(509): CodeIgniter\CodeIgniter->runController(Object(App\Controllers\About))
 9 SYSTEMPATH\CodeIgniter.php(355): CodeIgniter\CodeIgniter->handleRequest(null, Object(Config\Cache), false)
10 SYSTEMPATH\Boot.php(312): CodeIgniter\CodeIgniter->run()
11 SYSTEMPATH\Boot.php(67): CodeIgniter\Boot::runCodeIgniter(Object(CodeIgniter\CodeIgniter))
12 FCPATH\index.php(56): CodeIgniter\Boot::bootWeb(Object(Config\Paths))
13 SYSTEMPATH\Commands\Server\rewrite.php(49): require_once('C:\\Users\\rahma\\OneDrive\\Desktop\\Fastwork\\framework-4.5.1\\public\\index.php')
CRITICAL - 2024-05-09 17:18:27 --> ErrorException: Undefined variable $request
[Method: GET, Route: /]
in APPPATH\Views\partials\navbar.php on line 15.
 1 APPPATH\Views\partials\navbar.php(15): CodeIgniter\Debug\Exceptions->errorHandler(2, 'Undefined variable $request', 'C:\\Users\\rahma\\OneDrive\\Desktop\\Fastwork\\framework-4.5.1\\app\\Views\\partials\\navbar.php', 15)
 2 APPPATH\Views\home.php(12): include('C:\\Users\\rahma\\OneDrive\\Desktop\\Fastwork\\framework-4.5.1\\app\\Views\\partials\\navbar.php')
 3 SYSTEMPATH\View\View.php(234): include('C:\\Users\\rahma\\OneDrive\\Desktop\\Fastwork\\framework-4.5.1\\app\\Views\\home.php')
 4 SYSTEMPATH\View\View.php(237): CodeIgniter\View\View->CodeIgniter\View\{closure}()
 5 SYSTEMPATH\Common.php(1171): CodeIgniter\View\View->render('home', [], true)
 6 APPPATH\Controllers\Home.php(9): view('home')
 7 SYSTEMPATH\CodeIgniter.php(933): App\Controllers\Home->index()
 8 SYSTEMPATH\CodeIgniter.php(509): CodeIgniter\CodeIgniter->runController(Object(App\Controllers\Home))
 9 SYSTEMPATH\CodeIgniter.php(355): CodeIgniter\CodeIgniter->handleRequest(null, Object(Config\Cache), false)
10 SYSTEMPATH\Boot.php(312): CodeIgniter\CodeIgniter->run()
11 SYSTEMPATH\Boot.php(67): CodeIgniter\Boot::runCodeIgniter(Object(CodeIgniter\CodeIgniter))
12 FCPATH\index.php(56): CodeIgniter\Boot::bootWeb(Object(Config\Paths))
13 SYSTEMPATH\Commands\Server\rewrite.php(49): require_once('C:\\Users\\rahma\\OneDrive\\Desktop\\Fastwork\\framework-4.5.1\\public\\index.php')
CRITICAL - 2024-05-09 17:18:32 --> ErrorException: Undefined variable $request
[Method: GET, Route: /]
in APPPATH\Views\partials\navbar.php on line 15.
 1 APPPATH\Views\partials\navbar.php(15): CodeIgniter\Debug\Exceptions->errorHandler(2, 'Undefined variable $request', 'C:\\Users\\rahma\\OneDrive\\Desktop\\Fastwork\\framework-4.5.1\\app\\Views\\partials\\navbar.php', 15)
 2 APPPATH\Views\home.php(12): include('C:\\Users\\rahma\\OneDrive\\Desktop\\Fastwork\\framework-4.5.1\\app\\Views\\partials\\navbar.php')
 3 SYSTEMPATH\View\View.php(234): include('C:\\Users\\rahma\\OneDrive\\Desktop\\Fastwork\\framework-4.5.1\\app\\Views\\home.php')
 4 SYSTEMPATH\View\View.php(237): CodeIgniter\View\View->CodeIgniter\View\{closure}()
 5 SYSTEMPATH\Common.php(1171): CodeIgniter\View\View->render('home', [], true)
 6 APPPATH\Controllers\Home.php(9): view('home')
 7 SYSTEMPATH\CodeIgniter.php(933): App\Controllers\Home->index()
 8 SYSTEMPATH\CodeIgniter.php(509): CodeIgniter\CodeIgniter->runController(Object(App\Controllers\Home))
 9 SYSTEMPATH\CodeIgniter.php(355): CodeIgniter\CodeIgniter->handleRequest(null, Object(Config\Cache), false)
10 SYSTEMPATH\Boot.php(312): CodeIgniter\CodeIgniter->run()
11 SYSTEMPATH\Boot.php(67): CodeIgniter\Boot::runCodeIgniter(Object(CodeIgniter\CodeIgniter))
12 FCPATH\index.php(56): CodeIgniter\Boot::bootWeb(Object(Config\Paths))
13 SYSTEMPATH\Commands\Server\rewrite.php(49): require_once('C:\\Users\\rahma\\OneDrive\\Desktop\\Fastwork\\framework-4.5.1\\public\\index.php')
CRITICAL - 2024-05-09 17:18:40 --> ErrorException: Undefined variable $request
[Method: GET, Route: /]
in APPPATH\Views\partials\navbar.php on line 15.
 1 APPPATH\Views\partials\navbar.php(15): CodeIgniter\Debug\Exceptions->errorHandler(2, 'Undefined variable $request', 'C:\\Users\\rahma\\OneDrive\\Desktop\\Fastwork\\framework-4.5.1\\app\\Views\\partials\\navbar.php', 15)
 2 APPPATH\Views\home.php(12): include('C:\\Users\\rahma\\OneDrive\\Desktop\\Fastwork\\framework-4.5.1\\app\\Views\\partials\\navbar.php')
 3 SYSTEMPATH\View\View.php(234): include('C:\\Users\\rahma\\OneDrive\\Desktop\\Fastwork\\framework-4.5.1\\app\\Views\\home.php')
 4 SYSTEMPATH\View\View.php(237): CodeIgniter\View\View->CodeIgniter\View\{closure}()
 5 SYSTEMPATH\Common.php(1171): CodeIgniter\View\View->render('home', [], true)
 6 APPPATH\Controllers\Home.php(9): view('home')
 7 SYSTEMPATH\CodeIgniter.php(933): App\Controllers\Home->index()
 8 SYSTEMPATH\CodeIgniter.php(509): CodeIgniter\CodeIgniter->runController(Object(App\Controllers\Home))
 9 SYSTEMPATH\CodeIgniter.php(355): CodeIgniter\CodeIgniter->handleRequest(null, Object(Config\Cache), false)
10 SYSTEMPATH\Boot.php(312): CodeIgniter\CodeIgniter->run()
11 SYSTEMPATH\Boot.php(67): CodeIgniter\Boot::runCodeIgniter(Object(CodeIgniter\CodeIgniter))
12 FCPATH\index.php(56): CodeIgniter\Boot::bootWeb(Object(Config\Paths))
13 SYSTEMPATH\Commands\Server\rewrite.php(49): require_once('C:\\Users\\rahma\\OneDrive\\Desktop\\Fastwork\\framework-4.5.1\\public\\index.php')
CRITICAL - 2024-05-09 17:18:43 --> ErrorException: Undefined variable $request
[Method: GET, Route: /]
in APPPATH\Views\partials\navbar.php on line 15.
 1 APPPATH\Views\partials\navbar.php(15): CodeIgniter\Debug\Exceptions->errorHandler(2, 'Undefined variable $request', 'C:\\Users\\rahma\\OneDrive\\Desktop\\Fastwork\\framework-4.5.1\\app\\Views\\partials\\navbar.php', 15)
 2 APPPATH\Views\home.php(12): include('C:\\Users\\rahma\\OneDrive\\Desktop\\Fastwork\\framework-4.5.1\\app\\Views\\partials\\navbar.php')
 3 SYSTEMPATH\View\View.php(234): include('C:\\Users\\rahma\\OneDrive\\Desktop\\Fastwork\\framework-4.5.1\\app\\Views\\home.php')
 4 SYSTEMPATH\View\View.php(237): CodeIgniter\View\View->CodeIgniter\View\{closure}()
 5 SYSTEMPATH\Common.php(1171): CodeIgniter\View\View->render('home', [], true)
 6 APPPATH\Controllers\Home.php(9): view('home')
 7 SYSTEMPATH\CodeIgniter.php(933): App\Controllers\Home->index()
 8 SYSTEMPATH\CodeIgniter.php(509): CodeIgniter\CodeIgniter->runController(Object(App\Controllers\Home))
 9 SYSTEMPATH\CodeIgniter.php(355): CodeIgniter\CodeIgniter->handleRequest(null, Object(Config\Cache), false)
10 SYSTEMPATH\Boot.php(312): CodeIgniter\CodeIgniter->run()
11 SYSTEMPATH\Boot.php(67): CodeIgniter\Boot::runCodeIgniter(Object(CodeIgniter\CodeIgniter))
12 FCPATH\index.php(56): CodeIgniter\Boot::bootWeb(Object(Config\Paths))
13 SYSTEMPATH\Commands\Server\rewrite.php(49): require_once('C:\\Users\\rahma\\OneDrive\\Desktop\\Fastwork\\framework-4.5.1\\public\\index.php')
CRITICAL - 2024-05-09 17:18:44 --> ErrorException: Undefined variable $request
[Method: GET, Route: /]
in APPPATH\Views\partials\navbar.php on line 15.
 1 APPPATH\Views\partials\navbar.php(15): CodeIgniter\Debug\Exceptions->errorHandler(2, 'Undefined variable $request', 'C:\\Users\\rahma\\OneDrive\\Desktop\\Fastwork\\framework-4.5.1\\app\\Views\\partials\\navbar.php', 15)
 2 APPPATH\Views\home.php(12): include('C:\\Users\\rahma\\OneDrive\\Desktop\\Fastwork\\framework-4.5.1\\app\\Views\\partials\\navbar.php')
 3 SYSTEMPATH\View\View.php(234): include('C:\\Users\\rahma\\OneDrive\\Desktop\\Fastwork\\framework-4.5.1\\app\\Views\\home.php')
 4 SYSTEMPATH\View\View.php(237): CodeIgniter\View\View->CodeIgniter\View\{closure}()
 5 SYSTEMPATH\Common.php(1171): CodeIgniter\View\View->render('home', [], true)
 6 APPPATH\Controllers\Home.php(9): view('home')
 7 SYSTEMPATH\CodeIgniter.php(933): App\Controllers\Home->index()
 8 SYSTEMPATH\CodeIgniter.php(509): CodeIgniter\CodeIgniter->runController(Object(App\Controllers\Home))
 9 SYSTEMPATH\CodeIgniter.php(355): CodeIgniter\CodeIgniter->handleRequest(null, Object(Config\Cache), false)
10 SYSTEMPATH\Boot.php(312): CodeIgniter\CodeIgniter->run()
11 SYSTEMPATH\Boot.php(67): CodeIgniter\Boot::runCodeIgniter(Object(CodeIgniter\CodeIgniter))
12 FCPATH\index.php(56): CodeIgniter\Boot::bootWeb(Object(Config\Paths))
13 SYSTEMPATH\Commands\Server\rewrite.php(49): require_once('C:\\Users\\rahma\\OneDrive\\Desktop\\Fastwork\\framework-4.5.1\\public\\index.php')
CRITICAL - 2024-05-09 17:19:01 --> ErrorException: Undefined variable $request
[Method: GET, Route: /]
in APPPATH\Views\partials\navbar.php on line 15.
 1 APPPATH\Views\partials\navbar.php(15): CodeIgniter\Debug\Exceptions->errorHandler(2, 'Undefined variable $request', 'C:\\Users\\rahma\\OneDrive\\Desktop\\Fastwork\\framework-4.5.1\\app\\Views\\partials\\navbar.php', 15)
 2 APPPATH\Views\home.php(12): include('C:\\Users\\rahma\\OneDrive\\Desktop\\Fastwork\\framework-4.5.1\\app\\Views\\partials\\navbar.php')
 3 SYSTEMPATH\View\View.php(234): include('C:\\Users\\rahma\\OneDrive\\Desktop\\Fastwork\\framework-4.5.1\\app\\Views\\home.php')
 4 SYSTEMPATH\View\View.php(237): CodeIgniter\View\View->CodeIgniter\View\{closure}()
 5 SYSTEMPATH\Common.php(1171): CodeIgniter\View\View->render('home', [], true)
 6 APPPATH\Controllers\Home.php(9): view('home')
 7 SYSTEMPATH\CodeIgniter.php(933): App\Controllers\Home->index()
 8 SYSTEMPATH\CodeIgniter.php(509): CodeIgniter\CodeIgniter->runController(Object(App\Controllers\Home))
 9 SYSTEMPATH\CodeIgniter.php(355): CodeIgniter\CodeIgniter->handleRequest(null, Object(Config\Cache), false)
10 SYSTEMPATH\Boot.php(312): CodeIgniter\CodeIgniter->run()
11 SYSTEMPATH\Boot.php(67): CodeIgniter\Boot::runCodeIgniter(Object(CodeIgniter\CodeIgniter))
12 FCPATH\index.php(56): CodeIgniter\Boot::bootWeb(Object(Config\Paths))
13 SYSTEMPATH\Commands\Server\rewrite.php(49): require_once('C:\\Users\\rahma\\OneDrive\\Desktop\\Fastwork\\framework-4.5.1\\public\\index.php')
CRITICAL - 2024-05-09 17:19:17 --> ErrorException: Undefined variable $request
[Method: GET, Route: /]
in APPPATH\Views\partials\navbar.php on line 15.
 1 APPPATH\Views\partials\navbar.php(15): CodeIgniter\Debug\Exceptions->errorHandler(2, 'Undefined variable $request', 'C:\\Users\\rahma\\OneDrive\\Desktop\\Fastwork\\framework-4.5.1\\app\\Views\\partials\\navbar.php', 15)
 2 APPPATH\Views\home.php(12): include('C:\\Users\\rahma\\OneDrive\\Desktop\\Fastwork\\framework-4.5.1\\app\\Views\\partials\\navbar.php')
 3 SYSTEMPATH\View\View.php(234): include('C:\\Users\\rahma\\OneDrive\\Desktop\\Fastwork\\framework-4.5.1\\app\\Views\\home.php')
 4 SYSTEMPATH\View\View.php(237): CodeIgniter\View\View->CodeIgniter\View\{closure}()
 5 SYSTEMPATH\Common.php(1171): CodeIgniter\View\View->render('home', [], true)
 6 APPPATH\Controllers\Home.php(9): view('home')
 7 SYSTEMPATH\CodeIgniter.php(933): App\Controllers\Home->index()
 8 SYSTEMPATH\CodeIgniter.php(509): CodeIgniter\CodeIgniter->runController(Object(App\Controllers\Home))
 9 SYSTEMPATH\CodeIgniter.php(355): CodeIgniter\CodeIgniter->handleRequest(null, Object(Config\Cache), false)
10 SYSTEMPATH\Boot.php(312): CodeIgniter\CodeIgniter->run()
11 SYSTEMPATH\Boot.php(67): CodeIgniter\Boot::runCodeIgniter(Object(CodeIgniter\CodeIgniter))
12 FCPATH\index.php(56): CodeIgniter\Boot::bootWeb(Object(Config\Paths))
13 SYSTEMPATH\Commands\Server\rewrite.php(49): require_once('C:\\Users\\rahma\\OneDrive\\Desktop\\Fastwork\\framework-4.5.1\\public\\index.php')
CRITICAL - 2024-05-09 17:19:18 --> ErrorException: Undefined variable $request
[Method: GET, Route: /]
in APPPATH\Views\partials\navbar.php on line 15.
 1 APPPATH\Views\partials\navbar.php(15): CodeIgniter\Debug\Exceptions->errorHandler(2, 'Undefined variable $request', 'C:\\Users\\rahma\\OneDrive\\Desktop\\Fastwork\\framework-4.5.1\\app\\Views\\partials\\navbar.php', 15)
 2 APPPATH\Views\home.php(12): include('C:\\Users\\rahma\\OneDrive\\Desktop\\Fastwork\\framework-4.5.1\\app\\Views\\partials\\navbar.php')
 3 SYSTEMPATH\View\View.php(234): include('C:\\Users\\rahma\\OneDrive\\Desktop\\Fastwork\\framework-4.5.1\\app\\Views\\home.php')
 4 SYSTEMPATH\View\View.php(237): CodeIgniter\View\View->CodeIgniter\View\{closure}()
 5 SYSTEMPATH\Common.php(1171): CodeIgniter\View\View->render('home', [], true)
 6 APPPATH\Controllers\Home.php(9): view('home')
 7 SYSTEMPATH\CodeIgniter.php(933): App\Controllers\Home->index()
 8 SYSTEMPATH\CodeIgniter.php(509): CodeIgniter\CodeIgniter->runController(Object(App\Controllers\Home))
 9 SYSTEMPATH\CodeIgniter.php(355): CodeIgniter\CodeIgniter->handleRequest(null, Object(Config\Cache), false)
10 SYSTEMPATH\Boot.php(312): CodeIgniter\CodeIgniter->run()
11 SYSTEMPATH\Boot.php(67): CodeIgniter\Boot::runCodeIgniter(Object(CodeIgniter\CodeIgniter))
12 FCPATH\index.php(56): CodeIgniter\Boot::bootWeb(Object(Config\Paths))
13 SYSTEMPATH\Commands\Server\rewrite.php(49): require_once('C:\\Users\\rahma\\OneDrive\\Desktop\\Fastwork\\framework-4.5.1\\public\\index.php')
CRITICAL - 2024-05-09 17:19:20 --> ErrorException: Undefined variable $request
[Method: GET, Route: /]
in APPPATH\Views\partials\navbar.php on line 15.
 1 APPPATH\Views\partials\navbar.php(15): CodeIgniter\Debug\Exceptions->errorHandler(2, 'Undefined variable $request', 'C:\\Users\\rahma\\OneDrive\\Desktop\\Fastwork\\framework-4.5.1\\app\\Views\\partials\\navbar.php', 15)
 2 APPPATH\Views\home.php(12): include('C:\\Users\\rahma\\OneDrive\\Desktop\\Fastwork\\framework-4.5.1\\app\\Views\\partials\\navbar.php')
 3 SYSTEMPATH\View\View.php(234): include('C:\\Users\\rahma\\OneDrive\\Desktop\\Fastwork\\framework-4.5.1\\app\\Views\\home.php')
 4 SYSTEMPATH\View\View.php(237): CodeIgniter\View\View->CodeIgniter\View\{closure}()
 5 SYSTEMPATH\Common.php(1171): CodeIgniter\View\View->render('home', [], true)
 6 APPPATH\Controllers\Home.php(9): view('home')
 7 SYSTEMPATH\CodeIgniter.php(933): App\Controllers\Home->index()
 8 SYSTEMPATH\CodeIgniter.php(509): CodeIgniter\CodeIgniter->runController(Object(App\Controllers\Home))
 9 SYSTEMPATH\CodeIgniter.php(355): CodeIgniter\CodeIgniter->handleRequest(null, Object(Config\Cache), false)
10 SYSTEMPATH\Boot.php(312): CodeIgniter\CodeIgniter->run()
11 SYSTEMPATH\Boot.php(67): CodeIgniter\Boot::runCodeIgniter(Object(CodeIgniter\CodeIgniter))
12 FCPATH\index.php(56): CodeIgniter\Boot::bootWeb(Object(Config\Paths))
13 SYSTEMPATH\Commands\Server\rewrite.php(49): require_once('C:\\Users\\rahma\\OneDrive\\Desktop\\Fastwork\\framework-4.5.1\\public\\index.php')
CRITICAL - 2024-05-09 17:19:20 --> ErrorException: Undefined variable $request
[Method: GET, Route: /]
in APPPATH\Views\partials\navbar.php on line 15.
 1 APPPATH\Views\partials\navbar.php(15): CodeIgniter\Debug\Exceptions->errorHandler(2, 'Undefined variable $request', 'C:\\Users\\rahma\\OneDrive\\Desktop\\Fastwork\\framework-4.5.1\\app\\Views\\partials\\navbar.php', 15)
 2 APPPATH\Views\home.php(12): include('C:\\Users\\rahma\\OneDrive\\Desktop\\Fastwork\\framework-4.5.1\\app\\Views\\partials\\navbar.php')
 3 SYSTEMPATH\View\View.php(234): include('C:\\Users\\rahma\\OneDrive\\Desktop\\Fastwork\\framework-4.5.1\\app\\Views\\home.php')
 4 SYSTEMPATH\View\View.php(237): CodeIgniter\View\View->CodeIgniter\View\{closure}()
 5 SYSTEMPATH\Common.php(1171): CodeIgniter\View\View->render('home', [], true)
 6 APPPATH\Controllers\Home.php(9): view('home')
 7 SYSTEMPATH\CodeIgniter.php(933): App\Controllers\Home->index()
 8 SYSTEMPATH\CodeIgniter.php(509): CodeIgniter\CodeIgniter->runController(Object(App\Controllers\Home))
 9 SYSTEMPATH\CodeIgniter.php(355): CodeIgniter\CodeIgniter->handleRequest(null, Object(Config\Cache), false)
10 SYSTEMPATH\Boot.php(312): CodeIgniter\CodeIgniter->run()
11 SYSTEMPATH\Boot.php(67): CodeIgniter\Boot::runCodeIgniter(Object(CodeIgniter\CodeIgniter))
12 FCPATH\index.php(56): CodeIgniter\Boot::bootWeb(Object(Config\Paths))
13 SYSTEMPATH\Commands\Server\rewrite.php(49): require_once('C:\\Users\\rahma\\OneDrive\\Desktop\\Fastwork\\framework-4.5.1\\public\\index.php')
CRITICAL - 2024-05-09 17:19:21 --> ErrorException: Undefined variable $request
[Method: GET, Route: /]
in APPPATH\Views\partials\navbar.php on line 15.
 1 APPPATH\Views\partials\navbar.php(15): CodeIgniter\Debug\Exceptions->errorHandler(2, 'Undefined variable $request', 'C:\\Users\\rahma\\OneDrive\\Desktop\\Fastwork\\framework-4.5.1\\app\\Views\\partials\\navbar.php', 15)
 2 APPPATH\Views\home.php(12): include('C:\\Users\\rahma\\OneDrive\\Desktop\\Fastwork\\framework-4.5.1\\app\\Views\\partials\\navbar.php')
 3 SYSTEMPATH\View\View.php(234): include('C:\\Users\\rahma\\OneDrive\\Desktop\\Fastwork\\framework-4.5.1\\app\\Views\\home.php')
 4 SYSTEMPATH\View\View.php(237): CodeIgniter\View\View->CodeIgniter\View\{closure}()
 5 SYSTEMPATH\Common.php(1171): CodeIgniter\View\View->render('home', [], true)
 6 APPPATH\Controllers\Home.php(9): view('home')
 7 SYSTEMPATH\CodeIgniter.php(933): App\Controllers\Home->index()
 8 SYSTEMPATH\CodeIgniter.php(509): CodeIgniter\CodeIgniter->runController(Object(App\Controllers\Home))
 9 SYSTEMPATH\CodeIgniter.php(355): CodeIgniter\CodeIgniter->handleRequest(null, Object(Config\Cache), false)
10 SYSTEMPATH\Boot.php(312): CodeIgniter\CodeIgniter->run()
11 SYSTEMPATH\Boot.php(67): CodeIgniter\Boot::runCodeIgniter(Object(CodeIgniter\CodeIgniter))
12 FCPATH\index.php(56): CodeIgniter\Boot::bootWeb(Object(Config\Paths))
13 SYSTEMPATH\Commands\Server\rewrite.php(49): require_once('C:\\Users\\rahma\\OneDrive\\Desktop\\Fastwork\\framework-4.5.1\\public\\index.php')
CRITICAL - 2024-05-09 17:19:21 --> ErrorException: Undefined variable $request
[Method: GET, Route: /]
in APPPATH\Views\partials\navbar.php on line 15.
 1 APPPATH\Views\partials\navbar.php(15): CodeIgniter\Debug\Exceptions->errorHandler(2, 'Undefined variable $request', 'C:\\Users\\rahma\\OneDrive\\Desktop\\Fastwork\\framework-4.5.1\\app\\Views\\partials\\navbar.php', 15)
 2 APPPATH\Views\home.php(12): include('C:\\Users\\rahma\\OneDrive\\Desktop\\Fastwork\\framework-4.5.1\\app\\Views\\partials\\navbar.php')
 3 SYSTEMPATH\View\View.php(234): include('C:\\Users\\rahma\\OneDrive\\Desktop\\Fastwork\\framework-4.5.1\\app\\Views\\home.php')
 4 SYSTEMPATH\View\View.php(237): CodeIgniter\View\View->CodeIgniter\View\{closure}()
 5 SYSTEMPATH\Common.php(1171): CodeIgniter\View\View->render('home', [], true)
 6 APPPATH\Controllers\Home.php(9): view('home')
 7 SYSTEMPATH\CodeIgniter.php(933): App\Controllers\Home->index()
 8 SYSTEMPATH\CodeIgniter.php(509): CodeIgniter\CodeIgniter->runController(Object(App\Controllers\Home))
 9 SYSTEMPATH\CodeIgniter.php(355): CodeIgniter\CodeIgniter->handleRequest(null, Object(Config\Cache), false)
10 SYSTEMPATH\Boot.php(312): CodeIgniter\CodeIgniter->run()
11 SYSTEMPATH\Boot.php(67): CodeIgniter\Boot::runCodeIgniter(Object(CodeIgniter\CodeIgniter))
12 FCPATH\index.php(56): CodeIgniter\Boot::bootWeb(Object(Config\Paths))
13 SYSTEMPATH\Commands\Server\rewrite.php(49): require_once('C:\\Users\\rahma\\OneDrive\\Desktop\\Fastwork\\framework-4.5.1\\public\\index.php')
CRITICAL - 2024-05-09 17:19:27 --> ErrorException: Undefined variable $request
[Method: GET, Route: /]
in APPPATH\Views\partials\navbar.php on line 15.
 1 APPPATH\Views\partials\navbar.php(15): CodeIgniter\Debug\Exceptions->errorHandler(2, 'Undefined variable $request', 'C:\\Users\\rahma\\OneDrive\\Desktop\\Fastwork\\framework-4.5.1\\app\\Views\\partials\\navbar.php', 15)
 2 APPPATH\Views\home.php(12): include('C:\\Users\\rahma\\OneDrive\\Desktop\\Fastwork\\framework-4.5.1\\app\\Views\\partials\\navbar.php')
 3 SYSTEMPATH\View\View.php(234): include('C:\\Users\\rahma\\OneDrive\\Desktop\\Fastwork\\framework-4.5.1\\app\\Views\\home.php')
 4 SYSTEMPATH\View\View.php(237): CodeIgniter\View\View->CodeIgniter\View\{closure}()
 5 SYSTEMPATH\Common.php(1171): CodeIgniter\View\View->render('home', [], true)
 6 APPPATH\Controllers\Home.php(9): view('home')
 7 SYSTEMPATH\CodeIgniter.php(933): App\Controllers\Home->index()
 8 SYSTEMPATH\CodeIgniter.php(509): CodeIgniter\CodeIgniter->runController(Object(App\Controllers\Home))
 9 SYSTEMPATH\CodeIgniter.php(355): CodeIgniter\CodeIgniter->handleRequest(null, Object(Config\Cache), false)
10 SYSTEMPATH\Boot.php(312): CodeIgniter\CodeIgniter->run()
11 SYSTEMPATH\Boot.php(67): CodeIgniter\Boot::runCodeIgniter(Object(CodeIgniter\CodeIgniter))
12 FCPATH\index.php(56): CodeIgniter\Boot::bootWeb(Object(Config\Paths))
13 SYSTEMPATH\Commands\Server\rewrite.php(49): require_once('C:\\Users\\rahma\\OneDrive\\Desktop\\Fastwork\\framework-4.5.1\\public\\index.php')
